"2021-01-05 19:55:27 [main]  INFO  c.c.s.Task1JwtTokenCustomResponseApplicationTests -Starting Task1JwtTokenCustomResponseApplicationTests on ANNAPURNA with PID 5144 (started by sivam in D:\JavaWorkspaces\WS-ConcertCareApplications\Task1-JwtTokenCustomResponse)
""2021-01-05 19:55:27 [main]  INFO  c.c.s.Task1JwtTokenCustomResponseApplicationTests -The following profiles are active: dev
""2021-01-05 19:55:28 [main]  INFO  o.s.d.r.c.RepositoryConfigurationDelegate -Bootstrapping Spring Data JPA repositories in DEFAULT mode.
""2021-01-05 19:55:28 [main]  INFO  o.s.d.r.c.RepositoryConfigurationDelegate -Finished Spring Data repository scanning in 101ms. Found 1 JPA repository interfaces.
""2021-01-05 19:55:29 [main]  INFO  o.h.jpa.internal.util.LogHelper -HHH000204: Processing PersistenceUnitInfo [name: default]
""2021-01-05 19:55:29 [main]  INFO  org.hibernate.Version -HHH000412: Hibernate ORM core version 5.4.25.Final
""2021-01-05 19:55:30 [main]  INFO  o.h.annotations.common.Version -HCANN000001: Hibernate Commons Annotations {5.1.2.Final}
""2021-01-05 19:55:30 [main]  INFO  com.zaxxer.hikari.HikariDataSource -HikariPool-1 - Starting...
""2021-01-05 19:55:31 [main]  INFO  com.zaxxer.hikari.HikariDataSource -HikariPool-1 - Start completed.
""2021-01-05 19:55:31 [main]  INFO  org.hibernate.dialect.Dialect -HHH000400: Using dialect: org.hibernate.dialect.MySQL8Dialect
""2021-01-05 19:55:36 [main]  INFO  o.h.e.t.j.p.i.JtaPlatformInitiator -HHH000490: Using JtaPlatform implementation: [org.hibernate.engine.transaction.jta.platform.internal.NoJtaPlatform]
""2021-01-05 19:55:36 [main]  INFO  o.s.o.j.LocalContainerEntityManagerFactoryBean -Initialized JPA EntityManagerFactory for persistence unit 'default'
""2021-01-05 19:55:36 [main]  WARN  o.s.b.a.o.j.JpaBaseConfiguration$JpaWebConfiguration -spring.jpa.open-in-view is enabled by default. Therefore, database queries may be performed during view rendering. Explicitly configure spring.jpa.open-in-view to disable this warning
""2021-01-05 19:55:38 [main]  INFO  o.s.s.web.DefaultSecurityFilterChain -Creating filter chain: any request, [org.springframework.security.web.context.request.async.WebAsyncManagerIntegrationFilter@406808eb, org.springframework.security.web.context.SecurityContextPersistenceFilter@41cf4272, org.springframework.security.web.header.HeaderWriterFilter@13866865, org.springframework.security.web.authentication.logout.LogoutFilter@24563809, org.springframework.security.web.savedrequest.RequestCacheAwareFilter@4504a4ed, org.springframework.security.web.servletapi.SecurityContextHolderAwareRequestFilter@402676e3, org.springframework.security.web.authentication.AnonymousAuthenticationFilter@14e93c46, org.springframework.security.web.session.SessionManagementFilter@1ba3c03d, org.springframework.security.web.access.ExceptionTranslationFilter@5862dda4, org.springframework.security.web.access.intercept.FilterSecurityInterceptor@a44ad33]
""2021-01-05 19:55:38 [main]  INFO  o.s.s.c.ThreadPoolTaskExecutor -Initializing ExecutorService 'applicationTaskExecutor'
""2021-01-05 19:55:39 [main]  INFO  c.c.s.Task1JwtTokenCustomResponseApplicationTests -Started Task1JwtTokenCustomResponseApplicationTests in 12.673 seconds (JVM running for 14.647)
""2021-01-05 19:55:39 [SpringContextShutdownHook]  INFO  o.s.s.c.ThreadPoolTaskExecutor -Shutting down ExecutorService 'applicationTaskExecutor'
""2021-01-05 19:55:39 [SpringContextShutdownHook]  INFO  o.s.o.j.LocalContainerEntityManagerFactoryBean -Closing JPA EntityManagerFactory for persistence unit 'default'
""2021-01-05 19:55:39 [SpringContextShutdownHook]  INFO  com.zaxxer.hikari.HikariDataSource -HikariPool-1 - Shutdown initiated...
""2021-01-05 19:55:39 [SpringContextShutdownHook]  INFO  com.zaxxer.hikari.HikariDataSource -HikariPool-1 - Shutdown completed.
""2021-01-05 19:58:56 [main]  INFO  c.c.s.Task1JwtTokenCustomResponseApplicationTests -Starting Task1JwtTokenCustomResponseApplicationTests on ANNAPURNA with PID 9576 (started by sivam in D:\JavaWorkspaces\WS-ConcertCareApplications\Task1-JwtTokenCustomResponse)
""2021-01-05 19:58:56 [main]  INFO  c.c.s.Task1JwtTokenCustomResponseApplicationTests -The following profiles are active: dev
""2021-01-05 19:58:57 [main]  INFO  o.s.d.r.c.RepositoryConfigurationDelegate -Bootstrapping Spring Data JPA repositories in DEFAULT mode.
""2021-01-05 19:58:57 [main]  INFO  o.s.d.r.c.RepositoryConfigurationDelegate -Finished Spring Data repository scanning in 91ms. Found 1 JPA repository interfaces.
""2021-01-05 19:58:58 [main]  INFO  o.h.jpa.internal.util.LogHelper -HHH000204: Processing PersistenceUnitInfo [name: default]
""2021-01-05 19:58:58 [main]  INFO  org.hibernate.Version -HHH000412: Hibernate ORM core version 5.4.25.Final
""2021-01-05 19:58:59 [main]  INFO  o.h.annotations.common.Version -HCANN000001: Hibernate Commons Annotations {5.1.2.Final}
""2021-01-05 19:58:59 [main]  INFO  com.zaxxer.hikari.HikariDataSource -HikariPool-1 - Starting...
""2021-01-05 19:58:59 [main]  INFO  com.zaxxer.hikari.HikariDataSource -HikariPool-1 - Start completed.
""2021-01-05 19:59:00 [main]  INFO  org.hibernate.dialect.Dialect -HHH000400: Using dialect: org.hibernate.dialect.MySQL8Dialect
""2021-01-05 19:59:05 [main]  INFO  o.h.e.t.j.p.i.JtaPlatformInitiator -HHH000490: Using JtaPlatform implementation: [org.hibernate.engine.transaction.jta.platform.internal.NoJtaPlatform]
""2021-01-05 19:59:05 [main]  INFO  o.s.o.j.LocalContainerEntityManagerFactoryBean -Initialized JPA EntityManagerFactory for persistence unit 'default'
""2021-01-05 19:59:06 [main]  WARN  o.s.b.a.o.j.JpaBaseConfiguration$JpaWebConfiguration -spring.jpa.open-in-view is enabled by default. Therefore, database queries may be performed during view rendering. Explicitly configure spring.jpa.open-in-view to disable this warning
""2021-01-05 19:59:07 [main]  INFO  o.s.s.web.DefaultSecurityFilterChain -Creating filter chain: any request, [org.springframework.security.web.context.request.async.WebAsyncManagerIntegrationFilter@3ac326c0, org.springframework.security.web.context.SecurityContextPersistenceFilter@10b2c1cf, org.springframework.security.web.header.HeaderWriterFilter@fb42c1c, org.springframework.security.web.authentication.logout.LogoutFilter@49cd08f9, org.springframework.security.web.savedrequest.RequestCacheAwareFilter@27575bcd, org.springframework.security.web.servletapi.SecurityContextHolderAwareRequestFilter@627d5f1, org.springframework.security.web.authentication.AnonymousAuthenticationFilter@5e5d40ec, org.springframework.security.web.session.SessionManagementFilter@5c1687d1, org.springframework.security.web.access.ExceptionTranslationFilter@5513a46b, org.springframework.security.web.access.intercept.FilterSecurityInterceptor@698e1bf5]
""2021-01-05 19:59:07 [main]  INFO  o.s.s.c.ThreadPoolTaskExecutor -Initializing ExecutorService 'applicationTaskExecutor'
""2021-01-05 19:59:08 [main]  INFO  c.c.s.Task1JwtTokenCustomResponseApplicationTests -Started Task1JwtTokenCustomResponseApplicationTests in 12.786 seconds (JVM running for 14.55)
""2021-01-05 19:59:08 [SpringContextShutdownHook]  INFO  o.s.s.c.ThreadPoolTaskExecutor -Shutting down ExecutorService 'applicationTaskExecutor'
""2021-01-05 19:59:08 [SpringContextShutdownHook]  INFO  o.s.o.j.LocalContainerEntityManagerFactoryBean -Closing JPA EntityManagerFactory for persistence unit 'default'
""2021-01-05 19:59:08 [SpringContextShutdownHook]  INFO  com.zaxxer.hikari.HikariDataSource -HikariPool-1 - Shutdown initiated...
""2021-01-05 19:59:08 [SpringContextShutdownHook]  INFO  com.zaxxer.hikari.HikariDataSource -HikariPool-1 - Shutdown completed.
""2021-01-05 20:02:04 [main]  INFO  c.c.s.Task1JwtTokenCustomResponseApplicationTests -Starting Task1JwtTokenCustomResponseApplicationTests on ANNAPURNA with PID 7216 (started by sivam in D:\JavaWorkspaces\WS-ConcertCareApplications\Task1-JwtTokenCustomResponse)
""2021-01-05 20:02:04 [main]  INFO  c.c.s.Task1JwtTokenCustomResponseApplicationTests -The following profiles are active: dev
""2021-01-05 20:02:06 [main]  INFO  o.s.d.r.c.RepositoryConfigurationDelegate -Bootstrapping Spring Data JPA repositories in DEFAULT mode.
""2021-01-05 20:02:06 [main]  INFO  o.s.d.r.c.RepositoryConfigurationDelegate -Finished Spring Data repository scanning in 198ms. Found 1 JPA repository interfaces.
""2021-01-05 20:02:08 [main]  INFO  o.h.jpa.internal.util.LogHelper -HHH000204: Processing PersistenceUnitInfo [name: default]
""2021-01-05 20:02:08 [main]  INFO  org.hibernate.Version -HHH000412: Hibernate ORM core version 5.4.25.Final
""2021-01-05 20:02:09 [main]  INFO  o.h.annotations.common.Version -HCANN000001: Hibernate Commons Annotations {5.1.2.Final}
""2021-01-05 20:02:09 [main]  INFO  com.zaxxer.hikari.HikariDataSource -HikariPool-1 - Starting...
""2021-01-05 20:02:10 [main]  INFO  com.zaxxer.hikari.HikariDataSource -HikariPool-1 - Start completed.
""2021-01-05 20:02:10 [main]  INFO  org.hibernate.dialect.Dialect -HHH000400: Using dialect: org.hibernate.dialect.MySQL8Dialect
""2021-01-05 20:02:17 [main]  INFO  o.h.e.t.j.p.i.JtaPlatformInitiator -HHH000490: Using JtaPlatform implementation: [org.hibernate.engine.transaction.jta.platform.internal.NoJtaPlatform]
""2021-01-05 20:02:17 [main]  INFO  o.s.o.j.LocalContainerEntityManagerFactoryBean -Initialized JPA EntityManagerFactory for persistence unit 'default'
""2021-01-05 20:02:17 [main]  WARN  o.s.b.a.o.j.JpaBaseConfiguration$JpaWebConfiguration -spring.jpa.open-in-view is enabled by default. Therefore, database queries may be performed during view rendering. Explicitly configure spring.jpa.open-in-view to disable this warning
""2021-01-05 20:02:18 [main]  INFO  o.s.s.web.DefaultSecurityFilterChain -Creating filter chain: any request, [org.springframework.security.web.context.request.async.WebAsyncManagerIntegrationFilter@406808eb, org.springframework.security.web.context.SecurityContextPersistenceFilter@41cf4272, org.springframework.security.web.header.HeaderWriterFilter@13866865, org.springframework.security.web.authentication.logout.LogoutFilter@24563809, org.springframework.security.web.savedrequest.RequestCacheAwareFilter@4504a4ed, org.springframework.security.web.servletapi.SecurityContextHolderAwareRequestFilter@402676e3, org.springframework.security.web.authentication.AnonymousAuthenticationFilter@14e93c46, org.springframework.security.web.session.SessionManagementFilter@1ba3c03d, org.springframework.security.web.access.ExceptionTranslationFilter@5862dda4, org.springframework.security.web.access.intercept.FilterSecurityInterceptor@a44ad33]
""2021-01-05 20:02:19 [main]  INFO  o.s.s.c.ThreadPoolTaskExecutor -Initializing ExecutorService 'applicationTaskExecutor'
""2021-01-05 20:02:20 [main]  INFO  c.c.s.Task1JwtTokenCustomResponseApplicationTests -Started Task1JwtTokenCustomResponseApplicationTests in 16.238 seconds (JVM running for 19.122)
""2021-01-05 20:02:20 [SpringContextShutdownHook]  INFO  o.s.s.c.ThreadPoolTaskExecutor -Shutting down ExecutorService 'applicationTaskExecutor'
""2021-01-05 20:02:20 [SpringContextShutdownHook]  INFO  o.s.o.j.LocalContainerEntityManagerFactoryBean -Closing JPA EntityManagerFactory for persistence unit 'default'
""2021-01-05 20:02:20 [SpringContextShutdownHook]  INFO  com.zaxxer.hikari.HikariDataSource -HikariPool-1 - Shutdown initiated...
""2021-01-05 20:02:20 [SpringContextShutdownHook]  INFO  com.zaxxer.hikari.HikariDataSource -HikariPool-1 - Shutdown completed.
""2021-01-05 20:04:12 [restartedMain]  INFO  c.c.s.Task1JwtTokenCustomResponseApplication -Starting Task1JwtTokenCustomResponseApplication on ANNAPURNA with PID 3004 (D:\JavaWorkspaces\WS-ConcertCareApplications\Task1-JwtTokenCustomResponse\target\classes started by sivam in D:\JavaWorkspaces\WS-ConcertCareApplications\Task1-JwtTokenCustomResponse)
""2021-01-05 20:04:12 [restartedMain]  INFO  c.c.s.Task1JwtTokenCustomResponseApplication -The following profiles are active: dev
""2021-01-05 20:04:12 [restartedMain]  INFO  o.s.b.d.e.DevToolsPropertyDefaultsPostProcessor -Devtools property defaults active! Set 'spring.devtools.add-properties' to 'false' to disable
""2021-01-05 20:04:12 [restartedMain]  INFO  o.s.b.d.e.DevToolsPropertyDefaultsPostProcessor -For additional web related logging consider setting the 'logging.level.web' property to 'DEBUG'
""2021-01-05 20:04:13 [restartedMain]  INFO  o.s.d.r.c.RepositoryConfigurationDelegate -Bootstrapping Spring Data JPA repositories in DEFAULT mode.
""2021-01-05 20:04:13 [restartedMain]  INFO  o.s.d.r.c.RepositoryConfigurationDelegate -Finished Spring Data repository scanning in 58ms. Found 1 JPA repository interfaces.
""2021-01-05 20:04:14 [restartedMain]  INFO  o.s.b.w.e.tomcat.TomcatWebServer -Tomcat initialized with port(s): 8080 (http)
""2021-01-05 20:04:14 [restartedMain]  INFO  o.a.catalina.core.StandardService -Starting service [Tomcat]
""2021-01-05 20:04:14 [restartedMain]  INFO  o.a.catalina.core.StandardEngine -Starting Servlet engine: [Apache Tomcat/9.0.41]
""2021-01-05 20:04:14 [restartedMain]  INFO  o.a.c.c.C.[Tomcat].[localhost].[/] -Initializing Spring embedded WebApplicationContext
""2021-01-05 20:04:14 [restartedMain]  INFO  o.s.b.w.s.c.ServletWebServerApplicationContext -Root WebApplicationContext: initialization completed in 1668 ms
""2021-01-05 20:04:14 [restartedMain]  INFO  o.h.jpa.internal.util.LogHelper -HHH000204: Processing PersistenceUnitInfo [name: default]
""2021-01-05 20:04:14 [restartedMain]  INFO  org.hibernate.Version -HHH000412: Hibernate ORM core version 5.4.25.Final
""2021-01-05 20:04:14 [restartedMain]  INFO  o.h.annotations.common.Version -HCANN000001: Hibernate Commons Annotations {5.1.2.Final}
""2021-01-05 20:04:14 [restartedMain]  INFO  com.zaxxer.hikari.HikariDataSource -HikariPool-1 - Starting...
""2021-01-05 20:04:15 [restartedMain]  INFO  com.zaxxer.hikari.HikariDataSource -HikariPool-1 - Start completed.
""2021-01-05 20:04:15 [restartedMain]  INFO  org.hibernate.dialect.Dialect -HHH000400: Using dialect: org.hibernate.dialect.MySQL8Dialect
""2021-01-05 20:04:16 [restartedMain]  INFO  o.h.e.t.j.p.i.JtaPlatformInitiator -HHH000490: Using JtaPlatform implementation: [org.hibernate.engine.transaction.jta.platform.internal.NoJtaPlatform]
""2021-01-05 20:04:16 [restartedMain]  INFO  o.s.o.j.LocalContainerEntityManagerFactoryBean -Initialized JPA EntityManagerFactory for persistence unit 'default'
""2021-01-05 20:04:16 [restartedMain]  INFO  o.s.b.d.a.OptionalLiveReloadServer -LiveReload server is running on port 35729
""2021-01-05 20:04:16 [restartedMain]  WARN  o.s.b.a.o.j.JpaBaseConfiguration$JpaWebConfiguration -spring.jpa.open-in-view is enabled by default. Therefore, database queries may be performed during view rendering. Explicitly configure spring.jpa.open-in-view to disable this warning
""2021-01-05 20:04:17 [restartedMain]  INFO  o.s.s.web.DefaultSecurityFilterChain -Creating filter chain: any request, [org.springframework.security.web.context.request.async.WebAsyncManagerIntegrationFilter@6b2c2cea, org.springframework.security.web.context.SecurityContextPersistenceFilter@1a9a0112, org.springframework.security.web.header.HeaderWriterFilter@7596a504, org.springframework.security.web.authentication.logout.LogoutFilter@9598e96, org.springframework.security.web.savedrequest.RequestCacheAwareFilter@27ba5195, org.springframework.security.web.servletapi.SecurityContextHolderAwareRequestFilter@5a1762dd, org.springframework.security.web.authentication.AnonymousAuthenticationFilter@273c7d9a, org.springframework.security.web.session.SessionManagementFilter@23e6afb3, org.springframework.security.web.access.ExceptionTranslationFilter@4fbb1c1d, org.springframework.security.web.access.intercept.FilterSecurityInterceptor@1dcfbef4]
""2021-01-05 20:04:17 [restartedMain]  INFO  o.s.s.c.ThreadPoolTaskExecutor -Initializing ExecutorService 'applicationTaskExecutor'
""2021-01-05 20:04:17 [restartedMain]  INFO  o.s.b.w.e.tomcat.TomcatWebServer -Tomcat started on port(s): 8080 (http) with context path ''
""2021-01-05 20:04:17 [restartedMain]  INFO  c.c.s.Task1JwtTokenCustomResponseApplication -Started Task1JwtTokenCustomResponseApplication in 5.51 seconds (JVM running for 6.796)
""2021-01-05 20:04:17 [restartedMain]  INFO  c.c.s.Task1JwtTokenCustomResponseApplication -*****Main Application Has Started******
""2021-01-05 20:08:24 [http-nio-8080-exec-1]  INFO  o.a.c.c.C.[Tomcat].[localhost].[/] -Initializing Spring DispatcherServlet 'dispatcherServlet'
""2021-01-05 20:08:24 [http-nio-8080-exec-1]  INFO  o.s.web.servlet.DispatcherServlet -Initializing Servlet 'dispatcherServlet'
""2021-01-05 20:08:24 [http-nio-8080-exec-1]  INFO  o.s.web.servlet.DispatcherServlet -Completed initialization in 11 ms
""2021-01-05 20:09:22 [Thread-4]  INFO  o.s.s.c.ThreadPoolTaskExecutor -Shutting down ExecutorService 'applicationTaskExecutor'
""2021-01-05 20:09:22 [Thread-4]  INFO  o.s.o.j.LocalContainerEntityManagerFactoryBean -Closing JPA EntityManagerFactory for persistence unit 'default'
""2021-01-05 20:09:22 [Thread-4]  INFO  com.zaxxer.hikari.HikariDataSource -HikariPool-1 - Shutdown initiated...
""2021-01-05 20:09:22 [Thread-4]  INFO  com.zaxxer.hikari.HikariDataSource -HikariPool-1 - Shutdown completed.
""2021-01-05 20:09:22 [restartedMain]  INFO  c.c.s.Task1JwtTokenCustomResponseApplication -Starting Task1JwtTokenCustomResponseApplication on ANNAPURNA with PID 3004 (D:\JavaWorkspaces\WS-ConcertCareApplications\Task1-JwtTokenCustomResponse\target\classes started by sivam in D:\JavaWorkspaces\WS-ConcertCareApplications\Task1-JwtTokenCustomResponse)
""2021-01-05 20:09:22 [restartedMain]  INFO  c.c.s.Task1JwtTokenCustomResponseApplication -The following profiles are active: dev
""2021-01-05 20:09:22 [restartedMain]  INFO  o.s.d.r.c.RepositoryConfigurationDelegate -Bootstrapping Spring Data JPA repositories in DEFAULT mode.
""2021-01-05 20:09:22 [restartedMain]  INFO  o.s.d.r.c.RepositoryConfigurationDelegate -Finished Spring Data repository scanning in 10ms. Found 1 JPA repository interfaces.
""2021-01-05 20:09:22 [restartedMain]  INFO  o.s.b.w.e.tomcat.TomcatWebServer -Tomcat initialized with port(s): 8080 (http)
""2021-01-05 20:09:22 [restartedMain]  INFO  o.a.catalina.core.StandardService -Starting service [Tomcat]
""2021-01-05 20:09:22 [restartedMain]  INFO  o.a.catalina.core.StandardEngine -Starting Servlet engine: [Apache Tomcat/9.0.41]
""2021-01-05 20:09:22 [restartedMain]  INFO  o.a.c.c.C.[Tomcat].[localhost].[/] -Initializing Spring embedded WebApplicationContext
""2021-01-05 20:09:22 [restartedMain]  INFO  o.s.b.w.s.c.ServletWebServerApplicationContext -Root WebApplicationContext: initialization completed in 359 ms
""2021-01-05 20:09:22 [restartedMain]  INFO  o.h.jpa.internal.util.LogHelper -HHH000204: Processing PersistenceUnitInfo [name: default]
""2021-01-05 20:09:22 [restartedMain]  INFO  com.zaxxer.hikari.HikariDataSource -HikariPool-2 - Starting...
""2021-01-05 20:09:22 [restartedMain]  INFO  com.zaxxer.hikari.HikariDataSource -HikariPool-2 - Start completed.
""2021-01-05 20:09:22 [restartedMain]  INFO  org.hibernate.dialect.Dialect -HHH000400: Using dialect: org.hibernate.dialect.MySQL8Dialect
""2021-01-05 20:09:22 [restartedMain]  INFO  o.h.e.t.j.p.i.JtaPlatformInitiator -HHH000490: Using JtaPlatform implementation: [org.hibernate.engine.transaction.jta.platform.internal.NoJtaPlatform]
""2021-01-05 20:09:22 [restartedMain]  INFO  o.s.o.j.LocalContainerEntityManagerFactoryBean -Initialized JPA EntityManagerFactory for persistence unit 'default'
""2021-01-05 20:09:22 [restartedMain]  INFO  o.s.b.d.a.OptionalLiveReloadServer -LiveReload server is running on port 35729
""2021-01-05 20:09:22 [restartedMain]  WARN  o.s.b.a.o.j.JpaBaseConfiguration$JpaWebConfiguration -spring.jpa.open-in-view is enabled by default. Therefore, database queries may be performed during view rendering. Explicitly configure spring.jpa.open-in-view to disable this warning
""2021-01-05 20:09:22 [restartedMain]  INFO  o.s.s.web.DefaultSecurityFilterChain -Creating filter chain: any request, [org.springframework.security.web.context.request.async.WebAsyncManagerIntegrationFilter@10c2e61a, org.springframework.security.web.context.SecurityContextPersistenceFilter@287f74e1, org.springframework.security.web.header.HeaderWriterFilter@49227242, org.springframework.security.web.authentication.logout.LogoutFilter@6c1e3f1b, org.springframework.security.web.savedrequest.RequestCacheAwareFilter@6f58de53, org.springframework.security.web.servletapi.SecurityContextHolderAwareRequestFilter@35321198, org.springframework.security.web.authentication.AnonymousAuthenticationFilter@7834fdaa, org.springframework.security.web.session.SessionManagementFilter@781e566c, org.springframework.security.web.access.ExceptionTranslationFilter@391fdff2, org.springframework.security.web.access.intercept.FilterSecurityInterceptor@455ab2c7]
""2021-01-05 20:09:23 [restartedMain]  INFO  o.s.s.c.ThreadPoolTaskExecutor -Initializing ExecutorService 'applicationTaskExecutor'
""2021-01-05 20:09:23 [restartedMain]  INFO  o.s.b.w.e.tomcat.TomcatWebServer -Tomcat started on port(s): 8080 (http) with context path ''
""2021-01-05 20:09:23 [restartedMain]  INFO  c.c.s.Task1JwtTokenCustomResponseApplication -Started Task1JwtTokenCustomResponseApplication in 0.843 seconds (JVM running for 312.435)
""2021-01-05 20:09:23 [restartedMain]  INFO  o.s.b.d.a.ConditionEvaluationDeltaLoggingListener -Condition evaluation unchanged
""2021-01-05 20:09:23 [restartedMain]  INFO  c.c.s.Task1JwtTokenCustomResponseApplication -*****Main Application Has Started******
""2021-01-05 20:10:39 [http-nio-8080-exec-1]  INFO  o.a.c.c.C.[Tomcat].[localhost].[/] -Initializing Spring DispatcherServlet 'dispatcherServlet'
""2021-01-05 20:10:39 [http-nio-8080-exec-1]  INFO  o.s.web.servlet.DispatcherServlet -Initializing Servlet 'dispatcherServlet'
""2021-01-05 20:10:39 [http-nio-8080-exec-1]  INFO  o.s.web.servlet.DispatcherServlet -Completed initialization in 3 ms
""2021-01-05 20:15:20 [Thread-8]  INFO  o.s.s.c.ThreadPoolTaskExecutor -Shutting down ExecutorService 'applicationTaskExecutor'
""2021-01-05 20:15:20 [Thread-8]  INFO  o.s.o.j.LocalContainerEntityManagerFactoryBean -Closing JPA EntityManagerFactory for persistence unit 'default'
""2021-01-05 20:15:20 [Thread-8]  INFO  com.zaxxer.hikari.HikariDataSource -HikariPool-2 - Shutdown initiated...
""2021-01-05 20:15:20 [Thread-8]  INFO  com.zaxxer.hikari.HikariDataSource -HikariPool-2 - Shutdown completed.
""2021-01-05 20:15:20 [restartedMain]  INFO  c.c.s.Task1JwtTokenCustomResponseApplication -Starting Task1JwtTokenCustomResponseApplication on ANNAPURNA with PID 3004 (D:\JavaWorkspaces\WS-ConcertCareApplications\Task1-JwtTokenCustomResponse\target\classes started by sivam in D:\JavaWorkspaces\WS-ConcertCareApplications\Task1-JwtTokenCustomResponse)
""2021-01-05 20:15:20 [restartedMain]  INFO  c.c.s.Task1JwtTokenCustomResponseApplication -The following profiles are active: dev
""2021-01-05 20:15:21 [restartedMain]  INFO  o.s.d.r.c.RepositoryConfigurationDelegate -Bootstrapping Spring Data JPA repositories in DEFAULT mode.
""2021-01-05 20:15:21 [restartedMain]  INFO  o.s.d.r.c.RepositoryConfigurationDelegate -Finished Spring Data repository scanning in 10ms. Found 1 JPA repository interfaces.
""2021-01-05 20:15:21 [restartedMain]  INFO  o.s.b.w.e.tomcat.TomcatWebServer -Tomcat initialized with port(s): 8080 (http)
""2021-01-05 20:15:21 [restartedMain]  INFO  o.a.catalina.core.StandardService -Starting service [Tomcat]
""2021-01-05 20:15:21 [restartedMain]  INFO  o.a.catalina.core.StandardEngine -Starting Servlet engine: [Apache Tomcat/9.0.41]
""2021-01-05 20:15:21 [restartedMain]  INFO  o.a.c.c.C.[Tomcat].[localhost].[/] -Initializing Spring embedded WebApplicationContext
""2021-01-05 20:15:21 [restartedMain]  INFO  o.s.b.w.s.c.ServletWebServerApplicationContext -Root WebApplicationContext: initialization completed in 329 ms
""2021-01-05 20:15:21 [restartedMain]  INFO  o.h.jpa.internal.util.LogHelper -HHH000204: Processing PersistenceUnitInfo [name: default]
""2021-01-05 20:15:21 [restartedMain]  INFO  com.zaxxer.hikari.HikariDataSource -HikariPool-3 - Starting...
""2021-01-05 20:15:21 [restartedMain]  INFO  com.zaxxer.hikari.HikariDataSource -HikariPool-3 - Start completed.
""2021-01-05 20:15:21 [restartedMain]  INFO  org.hibernate.dialect.Dialect -HHH000400: Using dialect: org.hibernate.dialect.MySQL8Dialect
""2021-01-05 20:15:21 [restartedMain]  INFO  o.h.e.t.j.p.i.JtaPlatformInitiator -HHH000490: Using JtaPlatform implementation: [org.hibernate.engine.transaction.jta.platform.internal.NoJtaPlatform]
""2021-01-05 20:15:21 [restartedMain]  INFO  o.s.o.j.LocalContainerEntityManagerFactoryBean -Initialized JPA EntityManagerFactory for persistence unit 'default'
""2021-01-05 20:15:21 [restartedMain]  INFO  o.s.b.d.a.OptionalLiveReloadServer -LiveReload server is running on port 35729
""2021-01-05 20:15:21 [restartedMain]  WARN  o.s.b.a.o.j.JpaBaseConfiguration$JpaWebConfiguration -spring.jpa.open-in-view is enabled by default. Therefore, database queries may be performed during view rendering. Explicitly configure spring.jpa.open-in-view to disable this warning
""2021-01-05 20:15:21 [restartedMain]  INFO  o.s.s.web.DefaultSecurityFilterChain -Creating filter chain: any request, [org.springframework.security.web.context.request.async.WebAsyncManagerIntegrationFilter@7354d736, org.springframework.security.web.context.SecurityContextPersistenceFilter@27d743d7, org.springframework.security.web.header.HeaderWriterFilter@622cf4f4, org.springframework.security.web.authentication.logout.LogoutFilter@7402b8c8, org.springframework.security.web.savedrequest.RequestCacheAwareFilter@6b3fe6ac, org.springframework.security.web.servletapi.SecurityContextHolderAwareRequestFilter@6eb1246b, org.springframework.security.web.authentication.AnonymousAuthenticationFilter@4f8d7b39, org.springframework.security.web.session.SessionManagementFilter@2a55a6ad, org.springframework.security.web.access.ExceptionTranslationFilter@908b594, org.springframework.security.web.access.intercept.FilterSecurityInterceptor@3ab7927e]
""2021-01-05 20:15:21 [restartedMain]  INFO  o.s.s.c.ThreadPoolTaskExecutor -Initializing ExecutorService 'applicationTaskExecutor'
""2021-01-05 20:15:21 [restartedMain]  INFO  o.s.b.w.e.tomcat.TomcatWebServer -Tomcat started on port(s): 8080 (http) with context path ''
""2021-01-05 20:15:21 [restartedMain]  INFO  c.c.s.Task1JwtTokenCustomResponseApplication -Started Task1JwtTokenCustomResponseApplication in 0.784 seconds (JVM running for 670.98)
""2021-01-05 20:15:21 [restartedMain]  INFO  o.s.b.d.a.ConditionEvaluationDeltaLoggingListener -Condition evaluation unchanged
""2021-01-05 20:15:21 [restartedMain]  INFO  c.c.s.Task1JwtTokenCustomResponseApplication -*****Main Application Has Started******
""2021-01-05 20:15:45 [http-nio-8080-exec-1]  INFO  o.a.c.c.C.[Tomcat].[localhost].[/] -Initializing Spring DispatcherServlet 'dispatcherServlet'
""2021-01-05 20:15:45 [http-nio-8080-exec-1]  INFO  o.s.web.servlet.DispatcherServlet -Initializing Servlet 'dispatcherServlet'
""2021-01-05 20:15:45 [http-nio-8080-exec-1]  INFO  o.s.web.servlet.DispatcherServlet -Completed initialization in 2 ms
""2021-01-05 20:17:06 [Thread-13]  INFO  o.s.s.c.ThreadPoolTaskExecutor -Shutting down ExecutorService 'applicationTaskExecutor'
""2021-01-05 20:17:06 [Thread-13]  INFO  o.s.o.j.LocalContainerEntityManagerFactoryBean -Closing JPA EntityManagerFactory for persistence unit 'default'
""2021-01-05 20:17:06 [Thread-13]  INFO  com.zaxxer.hikari.HikariDataSource -HikariPool-3 - Shutdown initiated...
""2021-01-05 20:17:06 [Thread-13]  INFO  com.zaxxer.hikari.HikariDataSource -HikariPool-3 - Shutdown completed.
""2021-01-05 20:17:06 [restartedMain]  INFO  c.c.s.Task1JwtTokenCustomResponseApplication -Starting Task1JwtTokenCustomResponseApplication on ANNAPURNA with PID 3004 (D:\JavaWorkspaces\WS-ConcertCareApplications\Task1-JwtTokenCustomResponse\target\classes started by sivam in D:\JavaWorkspaces\WS-ConcertCareApplications\Task1-JwtTokenCustomResponse)
""2021-01-05 20:17:06 [restartedMain]  INFO  c.c.s.Task1JwtTokenCustomResponseApplication -The following profiles are active: dev
""2021-01-05 20:17:06 [restartedMain]  INFO  o.s.d.r.c.RepositoryConfigurationDelegate -Bootstrapping Spring Data JPA repositories in DEFAULT mode.
""2021-01-05 20:17:06 [restartedMain]  INFO  o.s.d.r.c.RepositoryConfigurationDelegate -Finished Spring Data repository scanning in 9ms. Found 1 JPA repository interfaces.
""2021-01-05 20:17:06 [restartedMain]  INFO  o.s.b.w.e.tomcat.TomcatWebServer -Tomcat initialized with port(s): 8080 (http)
""2021-01-05 20:17:06 [restartedMain]  INFO  o.a.catalina.core.StandardService -Starting service [Tomcat]
""2021-01-05 20:17:06 [restartedMain]  INFO  o.a.catalina.core.StandardEngine -Starting Servlet engine: [Apache Tomcat/9.0.41]
""2021-01-05 20:17:06 [restartedMain]  INFO  o.a.c.c.C.[Tomcat].[localhost].[/] -Initializing Spring embedded WebApplicationContext
""2021-01-05 20:17:06 [restartedMain]  INFO  o.s.b.w.s.c.ServletWebServerApplicationContext -Root WebApplicationContext: initialization completed in 298 ms
""2021-01-05 20:17:06 [restartedMain]  INFO  o.h.jpa.internal.util.LogHelper -HHH000204: Processing PersistenceUnitInfo [name: default]
""2021-01-05 20:17:06 [restartedMain]  INFO  com.zaxxer.hikari.HikariDataSource -HikariPool-4 - Starting...
""2021-01-05 20:17:07 [restartedMain]  INFO  com.zaxxer.hikari.HikariDataSource -HikariPool-4 - Start completed.
""2021-01-05 20:17:07 [restartedMain]  INFO  org.hibernate.dialect.Dialect -HHH000400: Using dialect: org.hibernate.dialect.MySQL8Dialect
""2021-01-05 20:17:07 [restartedMain]  INFO  o.h.e.t.j.p.i.JtaPlatformInitiator -HHH000490: Using JtaPlatform implementation: [org.hibernate.engine.transaction.jta.platform.internal.NoJtaPlatform]
""2021-01-05 20:17:07 [restartedMain]  INFO  o.s.o.j.LocalContainerEntityManagerFactoryBean -Initialized JPA EntityManagerFactory for persistence unit 'default'
""2021-01-05 20:17:07 [restartedMain]  INFO  o.s.b.d.a.OptionalLiveReloadServer -LiveReload server is running on port 35729
""2021-01-05 20:17:07 [restartedMain]  WARN  o.s.b.a.o.j.JpaBaseConfiguration$JpaWebConfiguration -spring.jpa.open-in-view is enabled by default. Therefore, database queries may be performed during view rendering. Explicitly configure spring.jpa.open-in-view to disable this warning
""2021-01-05 20:17:07 [restartedMain]  INFO  o.s.s.web.DefaultSecurityFilterChain -Creating filter chain: any request, [org.springframework.security.web.context.request.async.WebAsyncManagerIntegrationFilter@efacfb1, org.springframework.security.web.context.SecurityContextPersistenceFilter@26b7e65, org.springframework.security.web.header.HeaderWriterFilter@29fac068, org.springframework.security.web.authentication.logout.LogoutFilter@2008b000, org.springframework.security.web.savedrequest.RequestCacheAwareFilter@55d7bdba, org.springframework.security.web.servletapi.SecurityContextHolderAwareRequestFilter@2a51dee8, org.springframework.security.web.authentication.AnonymousAuthenticationFilter@92a7e02, org.springframework.security.web.session.SessionManagementFilter@5a012959, org.springframework.security.web.access.ExceptionTranslationFilter@24ae68aa, org.springframework.security.web.access.intercept.FilterSecurityInterceptor@241d0c13]
""2021-01-05 20:17:07 [restartedMain]  INFO  o.s.s.c.ThreadPoolTaskExecutor -Initializing ExecutorService 'applicationTaskExecutor'
""2021-01-05 20:17:07 [restartedMain]  INFO  o.s.b.w.e.tomcat.TomcatWebServer -Tomcat started on port(s): 8080 (http) with context path ''
""2021-01-05 20:17:07 [restartedMain]  INFO  c.c.s.Task1JwtTokenCustomResponseApplication -Started Task1JwtTokenCustomResponseApplication in 0.989 seconds (JVM running for 776.91)
""2021-01-05 20:17:07 [restartedMain]  INFO  o.s.b.d.a.ConditionEvaluationDeltaLoggingListener -Condition evaluation unchanged
""2021-01-05 20:17:07 [restartedMain]  INFO  c.c.s.Task1JwtTokenCustomResponseApplication -*****Main Application Has Started******
""2021-01-05 20:17:16 [http-nio-8080-exec-1]  INFO  o.a.c.c.C.[Tomcat].[localhost].[/] -Initializing Spring DispatcherServlet 'dispatcherServlet'
""2021-01-05 20:17:16 [http-nio-8080-exec-1]  INFO  o.s.web.servlet.DispatcherServlet -Initializing Servlet 'dispatcherServlet'
""2021-01-05 20:17:16 [http-nio-8080-exec-1]  INFO  o.s.web.servlet.DispatcherServlet -Completed initialization in 3 ms
""2021-01-05 20:18:02 [RMI TCP Connection(29)-127.0.0.1]  INFO  o.s.b.a.SpringApplicationAdminMXBeanRegistrar$SpringApplicationAdmin -Application shutdown requested.
""2021-01-05 20:18:02 [RMI TCP Connection(29)-127.0.0.1]  INFO  o.s.s.c.ThreadPoolTaskExecutor -Shutting down ExecutorService 'applicationTaskExecutor'
""2021-01-05 20:18:02 [RMI TCP Connection(29)-127.0.0.1]  INFO  o.s.o.j.LocalContainerEntityManagerFactoryBean -Closing JPA EntityManagerFactory for persistence unit 'default'
""2021-01-05 20:18:02 [RMI TCP Connection(29)-127.0.0.1]  INFO  com.zaxxer.hikari.HikariDataSource -HikariPool-4 - Shutdown initiated...
""2021-01-05 20:18:02 [RMI TCP Connection(29)-127.0.0.1]  INFO  com.zaxxer.hikari.HikariDataSource -HikariPool-4 - Shutdown completed.
""2021-01-05 20:30:16 [restartedMain]  INFO  c.c.s.Task1JwtTokenCustomResponseApplication -Starting Task1JwtTokenCustomResponseApplication on ANNAPURNA with PID 10008 (D:\JavaWorkspaces\WS-ConcertCareApplications\Task1-JwtTokenCustomResponse\target\classes started by sivam in D:\JavaWorkspaces\WS-ConcertCareApplications\Task1-JwtTokenCustomResponse)
""2021-01-05 20:30:16 [restartedMain]  INFO  c.c.s.Task1JwtTokenCustomResponseApplication -The following profiles are active: dev
""2021-01-05 20:30:16 [restartedMain]  INFO  o.s.b.d.e.DevToolsPropertyDefaultsPostProcessor -Devtools property defaults active! Set 'spring.devtools.add-properties' to 'false' to disable
""2021-01-05 20:30:16 [restartedMain]  INFO  o.s.b.d.e.DevToolsPropertyDefaultsPostProcessor -For additional web related logging consider setting the 'logging.level.web' property to 'DEBUG'
""2021-01-05 20:30:17 [restartedMain]  INFO  o.s.d.r.c.RepositoryConfigurationDelegate -Bootstrapping Spring Data JPA repositories in DEFAULT mode.
""2021-01-05 20:30:17 [restartedMain]  INFO  o.s.d.r.c.RepositoryConfigurationDelegate -Finished Spring Data repository scanning in 59ms. Found 1 JPA repository interfaces.
""2021-01-05 20:30:18 [restartedMain]  INFO  o.s.b.w.e.tomcat.TomcatWebServer -Tomcat initialized with port(s): 8080 (http)
""2021-01-05 20:30:18 [restartedMain]  INFO  o.a.catalina.core.StandardService -Starting service [Tomcat]
""2021-01-05 20:30:18 [restartedMain]  INFO  o.a.catalina.core.StandardEngine -Starting Servlet engine: [Apache Tomcat/9.0.41]
""2021-01-05 20:30:18 [restartedMain]  INFO  o.a.c.c.C.[Tomcat].[localhost].[/] -Initializing Spring embedded WebApplicationContext
""2021-01-05 20:30:18 [restartedMain]  INFO  o.s.b.w.s.c.ServletWebServerApplicationContext -Root WebApplicationContext: initialization completed in 1756 ms
""2021-01-05 20:30:18 [restartedMain]  INFO  o.h.jpa.internal.util.LogHelper -HHH000204: Processing PersistenceUnitInfo [name: default]
""2021-01-05 20:30:18 [restartedMain]  INFO  org.hibernate.Version -HHH000412: Hibernate ORM core version 5.4.25.Final
""2021-01-05 20:30:18 [restartedMain]  INFO  o.h.annotations.common.Version -HCANN000001: Hibernate Commons Annotations {5.1.2.Final}
""2021-01-05 20:30:18 [restartedMain]  INFO  com.zaxxer.hikari.HikariDataSource -HikariPool-1 - Starting...
""2021-01-05 20:30:19 [restartedMain]  INFO  com.zaxxer.hikari.HikariDataSource -HikariPool-1 - Start completed.
""2021-01-05 20:30:19 [restartedMain]  INFO  org.hibernate.dialect.Dialect -HHH000400: Using dialect: org.hibernate.dialect.MySQL8Dialect
""2021-01-05 20:30:20 [restartedMain]  INFO  o.h.e.t.j.p.i.JtaPlatformInitiator -HHH000490: Using JtaPlatform implementation: [org.hibernate.engine.transaction.jta.platform.internal.NoJtaPlatform]
""2021-01-05 20:30:20 [restartedMain]  INFO  o.s.o.j.LocalContainerEntityManagerFactoryBean -Initialized JPA EntityManagerFactory for persistence unit 'default'
""2021-01-05 20:30:20 [restartedMain]  INFO  o.s.b.d.a.OptionalLiveReloadServer -LiveReload server is running on port 35729
""2021-01-05 20:30:20 [restartedMain]  WARN  o.s.b.a.o.j.JpaBaseConfiguration$JpaWebConfiguration -spring.jpa.open-in-view is enabled by default. Therefore, database queries may be performed during view rendering. Explicitly configure spring.jpa.open-in-view to disable this warning
""2021-01-05 20:30:20 [restartedMain]  INFO  o.s.s.web.DefaultSecurityFilterChain -Creating filter chain: any request, [org.springframework.security.web.context.request.async.WebAsyncManagerIntegrationFilter@20b012a5, org.springframework.security.web.context.SecurityContextPersistenceFilter@3882e631, org.springframework.security.web.header.HeaderWriterFilter@219ea9e4, org.springframework.security.web.authentication.logout.LogoutFilter@2ea40905, org.springframework.security.web.savedrequest.RequestCacheAwareFilter@7c4c32ab, org.springframework.security.web.servletapi.SecurityContextHolderAwareRequestFilter@738be758, org.springframework.security.web.authentication.AnonymousAuthenticationFilter@24bbae3b, org.springframework.security.web.session.SessionManagementFilter@6071dd40, org.springframework.security.web.access.ExceptionTranslationFilter@1ad63000, org.springframework.security.web.access.intercept.FilterSecurityInterceptor@33351479]
""2021-01-05 20:30:20 [restartedMain]  INFO  o.s.s.c.ThreadPoolTaskExecutor -Initializing ExecutorService 'applicationTaskExecutor'
""2021-01-05 20:30:21 [restartedMain]  INFO  o.s.b.w.e.tomcat.TomcatWebServer -Tomcat started on port(s): 8080 (http) with context path ''
""2021-01-05 20:30:21 [restartedMain]  INFO  c.c.s.Task1JwtTokenCustomResponseApplication -Started Task1JwtTokenCustomResponseApplication in 5.283 seconds (JVM running for 6.486)
""2021-01-05 20:30:21 [restartedMain]  INFO  c.c.s.Task1JwtTokenCustomResponseApplication -*****Main Application Has Started******
""2021-01-05 20:30:26 [http-nio-8080-exec-1]  INFO  o.a.c.c.C.[Tomcat].[localhost].[/] -Initializing Spring DispatcherServlet 'dispatcherServlet'
""2021-01-05 20:30:26 [http-nio-8080-exec-1]  INFO  o.s.web.servlet.DispatcherServlet -Initializing Servlet 'dispatcherServlet'
""2021-01-05 20:30:26 [http-nio-8080-exec-1]  INFO  o.s.web.servlet.DispatcherServlet -Completed initialization in 19 ms
""2021-01-05 20:31:02 [Thread-4]  INFO  o.s.s.c.ThreadPoolTaskExecutor -Shutting down ExecutorService 'applicationTaskExecutor'
""2021-01-05 20:31:02 [Thread-4]  INFO  o.s.o.j.LocalContainerEntityManagerFactoryBean -Closing JPA EntityManagerFactory for persistence unit 'default'
""2021-01-05 20:31:02 [Thread-4]  INFO  com.zaxxer.hikari.HikariDataSource -HikariPool-1 - Shutdown initiated...
""2021-01-05 20:31:02 [Thread-4]  INFO  com.zaxxer.hikari.HikariDataSource -HikariPool-1 - Shutdown completed.
""2021-01-05 20:31:02 [restartedMain]  INFO  c.c.s.Task1JwtTokenCustomResponseApplication -Starting Task1JwtTokenCustomResponseApplication on ANNAPURNA with PID 10008 (D:\JavaWorkspaces\WS-ConcertCareApplications\Task1-JwtTokenCustomResponse\target\classes started by sivam in D:\JavaWorkspaces\WS-ConcertCareApplications\Task1-JwtTokenCustomResponse)
""2021-01-05 20:31:02 [restartedMain]  INFO  c.c.s.Task1JwtTokenCustomResponseApplication -The following profiles are active: dev
""2021-01-05 20:31:02 [restartedMain]  INFO  o.s.d.r.c.RepositoryConfigurationDelegate -Bootstrapping Spring Data JPA repositories in DEFAULT mode.
""2021-01-05 20:31:02 [restartedMain]  INFO  o.s.d.r.c.RepositoryConfigurationDelegate -Finished Spring Data repository scanning in 17ms. Found 1 JPA repository interfaces.
""2021-01-05 20:31:02 [restartedMain]  INFO  o.s.b.w.e.tomcat.TomcatWebServer -Tomcat initialized with port(s): 8080 (http)
""2021-01-05 20:31:02 [restartedMain]  INFO  o.a.catalina.core.StandardService -Starting service [Tomcat]
""2021-01-05 20:31:02 [restartedMain]  INFO  o.a.catalina.core.StandardEngine -Starting Servlet engine: [Apache Tomcat/9.0.41]
""2021-01-05 20:31:02 [restartedMain]  INFO  o.a.c.c.C.[Tomcat].[localhost].[/] -Initializing Spring embedded WebApplicationContext
""2021-01-05 20:31:02 [restartedMain]  INFO  o.s.b.w.s.c.ServletWebServerApplicationContext -Root WebApplicationContext: initialization completed in 419 ms
""2021-01-05 20:31:02 [restartedMain]  INFO  o.h.jpa.internal.util.LogHelper -HHH000204: Processing PersistenceUnitInfo [name: default]
""2021-01-05 20:31:02 [restartedMain]  INFO  com.zaxxer.hikari.HikariDataSource -HikariPool-2 - Starting...
""2021-01-05 20:31:02 [restartedMain]  INFO  com.zaxxer.hikari.HikariDataSource -HikariPool-2 - Start completed.
""2021-01-05 20:31:02 [restartedMain]  INFO  org.hibernate.dialect.Dialect -HHH000400: Using dialect: org.hibernate.dialect.MySQL8Dialect
""2021-01-05 20:31:02 [restartedMain]  INFO  o.h.e.t.j.p.i.JtaPlatformInitiator -HHH000490: Using JtaPlatform implementation: [org.hibernate.engine.transaction.jta.platform.internal.NoJtaPlatform]
""2021-01-05 20:31:02 [restartedMain]  INFO  o.s.o.j.LocalContainerEntityManagerFactoryBean -Initialized JPA EntityManagerFactory for persistence unit 'default'
""2021-01-05 20:31:02 [restartedMain]  INFO  o.s.b.d.a.OptionalLiveReloadServer -LiveReload server is running on port 35729
""2021-01-05 20:31:03 [restartedMain]  WARN  o.s.b.a.o.j.JpaBaseConfiguration$JpaWebConfiguration -spring.jpa.open-in-view is enabled by default. Therefore, database queries may be performed during view rendering. Explicitly configure spring.jpa.open-in-view to disable this warning
""2021-01-05 20:31:03 [restartedMain]  INFO  o.s.s.web.DefaultSecurityFilterChain -Creating filter chain: any request, [org.springframework.security.web.context.request.async.WebAsyncManagerIntegrationFilter@65bd804a, org.springframework.security.web.context.SecurityContextPersistenceFilter@4bf43a2, org.springframework.security.web.header.HeaderWriterFilter@40129f07, org.springframework.security.web.authentication.logout.LogoutFilter@7f234a60, org.springframework.security.web.savedrequest.RequestCacheAwareFilter@e51ff68, org.springframework.security.web.servletapi.SecurityContextHolderAwareRequestFilter@5a6fb302, org.springframework.security.web.authentication.AnonymousAuthenticationFilter@7762c091, org.springframework.security.web.session.SessionManagementFilter@2fce90b9, org.springframework.security.web.access.ExceptionTranslationFilter@9606095, org.springframework.security.web.access.intercept.FilterSecurityInterceptor@7ca58d6e]
""2021-01-05 20:31:03 [restartedMain]  INFO  o.s.s.c.ThreadPoolTaskExecutor -Initializing ExecutorService 'applicationTaskExecutor'
""2021-01-05 20:31:03 [restartedMain]  INFO  o.s.b.w.e.tomcat.TomcatWebServer -Tomcat started on port(s): 8080 (http) with context path ''
""2021-01-05 20:31:03 [restartedMain]  INFO  c.c.s.Task1JwtTokenCustomResponseApplication -Started Task1JwtTokenCustomResponseApplication in 1.061 seconds (JVM running for 48.612)
""2021-01-05 20:31:03 [restartedMain]  INFO  o.s.b.d.a.ConditionEvaluationDeltaLoggingListener -Condition evaluation unchanged
""2021-01-05 20:31:03 [restartedMain]  INFO  c.c.s.Task1JwtTokenCustomResponseApplication -*****Main Application Has Started******
""2021-01-05 20:31:06 [RMI TCP Connection(11)-127.0.0.1]  INFO  o.s.b.a.SpringApplicationAdminMXBeanRegistrar$SpringApplicationAdmin -Application shutdown requested.
""2021-01-05 20:31:06 [RMI TCP Connection(11)-127.0.0.1]  INFO  o.s.s.c.ThreadPoolTaskExecutor -Shutting down ExecutorService 'applicationTaskExecutor'
""2021-01-05 20:31:06 [RMI TCP Connection(11)-127.0.0.1]  INFO  o.s.o.j.LocalContainerEntityManagerFactoryBean -Closing JPA EntityManagerFactory for persistence unit 'default'
""2021-01-05 20:31:06 [RMI TCP Connection(11)-127.0.0.1]  INFO  com.zaxxer.hikari.HikariDataSource -HikariPool-2 - Shutdown initiated...
""2021-01-05 20:31:06 [RMI TCP Connection(11)-127.0.0.1]  INFO  com.zaxxer.hikari.HikariDataSource -HikariPool-2 - Shutdown completed.
"