"2021-01-06 10:57:24 [restartedMain]  INFO  c.c.s.Task3DepartmentServiceApplication -The following profiles are active: dev
""2021-01-06 10:57:25 [restartedMain]  INFO  o.s.d.r.c.RepositoryConfigurationDelegate -Bootstrapping Spring Data JPA repositories in DEFAULT mode.
""2021-01-06 10:57:25 [restartedMain]  INFO  o.s.d.r.c.RepositoryConfigurationDelegate -Finished Spring Data repository scanning in 194ms. Found 1 JPA repository interfaces.
""2021-01-06 10:57:25 [restartedMain]  WARN  o.s.boot.actuate.endpoint.EndpointId -Endpoint ID 'service-registry' contains invalid characters, please migrate to a valid format.
""2021-01-06 10:57:25 [restartedMain]  INFO  o.s.cloud.context.scope.GenericScope -BeanFactory id=1060a95b-fc8f-342b-8395-df15674c313e
""2021-01-06 10:57:26 [restartedMain]  INFO  o.s.b.w.e.tomcat.TomcatWebServer -Tomcat initialized with port(s): 9092 (http)
""2021-01-06 10:57:26 [restartedMain]  INFO  o.a.catalina.core.StandardService -Starting service [Tomcat]
""2021-01-06 10:57:26 [restartedMain]  INFO  o.a.catalina.core.StandardEngine -Starting Servlet engine: [Apache Tomcat/9.0.41]
""2021-01-06 10:57:26 [restartedMain]  INFO  o.a.c.c.C.[Tomcat].[localhost].[/] -Initializing Spring embedded WebApplicationContext
""2021-01-06 10:57:26 [restartedMain]  INFO  o.s.b.w.s.c.ServletWebServerApplicationContext -Root WebApplicationContext: initialization completed in 2577 ms
""2021-01-06 10:57:26 [restartedMain]  WARN  c.n.c.sources.URLConfigurationSource -No URLs will be polled as dynamic configuration sources.
""2021-01-06 10:57:26 [restartedMain]  INFO  c.n.c.sources.URLConfigurationSource -To enable URLs as dynamic configuration sources, define System property archaius.configurationSource.additionalUrls or make config.properties available on classpath.
""2021-01-06 10:57:26 [restartedMain]  INFO  c.n.config.DynamicPropertyFactory -DynamicPropertyFactory is initialized with configuration sources: com.netflix.config.ConcurrentCompositeConfiguration@7a5df5f1
""2021-01-06 10:57:27 [restartedMain]  INFO  o.h.jpa.internal.util.LogHelper -HHH000204: Processing PersistenceUnitInfo [name: default]
""2021-01-06 10:57:27 [restartedMain]  INFO  org.hibernate.Version -HHH000412: Hibernate ORM core version 5.4.25.Final
""2021-01-06 10:57:27 [restartedMain]  INFO  o.h.annotations.common.Version -HCANN000001: Hibernate Commons Annotations {5.1.2.Final}
""2021-01-06 10:57:27 [restartedMain]  INFO  com.zaxxer.hikari.HikariDataSource -HikariPool-1 - Starting...
""2021-01-06 10:57:27 [restartedMain]  INFO  com.zaxxer.hikari.HikariDataSource -HikariPool-1 - Start completed.
""2021-01-06 10:57:28 [restartedMain]  INFO  org.hibernate.dialect.Dialect -HHH000400: Using dialect: org.hibernate.dialect.MySQL8Dialect
""2021-01-06 10:57:29 [restartedMain]  INFO  o.h.e.t.j.p.i.JtaPlatformInitiator -HHH000490: Using JtaPlatform implementation: [org.hibernate.engine.transaction.jta.platform.internal.NoJtaPlatform]
""2021-01-06 10:57:29 [restartedMain]  INFO  o.s.o.j.LocalContainerEntityManagerFactoryBean -Initialized JPA EntityManagerFactory for persistence unit 'default'
""2021-01-06 10:57:29 [restartedMain]  INFO  o.s.b.d.a.OptionalLiveReloadServer -LiveReload server is running on port 35729
""2021-01-06 10:57:30 [restartedMain]  WARN  c.n.c.sources.URLConfigurationSource -No URLs will be polled as dynamic configuration sources.
""2021-01-06 10:57:30 [restartedMain]  INFO  c.n.c.sources.URLConfigurationSource -To enable URLs as dynamic configuration sources, define System property archaius.configurationSource.additionalUrls or make config.properties available on classpath.
""2021-01-06 10:57:30 [restartedMain]  WARN  o.s.b.a.o.j.JpaBaseConfiguration$JpaWebConfiguration -spring.jpa.open-in-view is enabled by default. Therefore, database queries may be performed during view rendering. Explicitly configure spring.jpa.open-in-view to disable this warning
""2021-01-06 10:57:30 [restartedMain]  INFO  o.s.s.c.ThreadPoolTaskExecutor -Initializing ExecutorService 'applicationTaskExecutor'
""2021-01-06 10:57:31 [restartedMain]  INFO  o.s.c.n.e.c.DiscoveryClientOptionalArgsConfiguration -Eureka HTTP Client uses Jersey
""2021-01-06 10:57:31 [restartedMain]  WARN  o.s.c.l.c.BlockingLoadBalancerClientAutoConfiguration$BlockingLoadBalancerClientRibbonWarnLogger -You already have RibbonLoadBalancerClient on your classpath. It will be used by default. As Spring Cloud Ribbon is in maintenance mode. We recommend switching to BlockingLoadBalancerClient instead. In order to use it, set the value of `spring.cloud.loadbalancer.ribbon.enabled` to `false` or remove spring-cloud-starter-netflix-ribbon from your project.
""2021-01-06 10:57:31 [restartedMain]  INFO  o.s.b.a.e.web.EndpointLinksResolver -Exposing 2 endpoint(s) beneath base path '/actuator'
""2021-01-06 10:57:31 [restartedMain]  INFO  o.s.c.n.eureka.InstanceInfoFactory -Setting initial instance status as: STARTING
""2021-01-06 10:57:31 [restartedMain]  INFO  c.netflix.discovery.DiscoveryClient -Initializing Eureka in region us-east-1
""2021-01-06 10:57:31 [restartedMain]  INFO  c.n.d.p.DiscoveryJerseyProvider -Using JSON encoding codec LegacyJacksonJson
""2021-01-06 10:57:31 [restartedMain]  INFO  c.n.d.p.DiscoveryJerseyProvider -Using JSON decoding codec LegacyJacksonJson
""2021-01-06 10:57:31 [restartedMain]  INFO  c.n.d.p.DiscoveryJerseyProvider -Using XML encoding codec XStreamXml
""2021-01-06 10:57:31 [restartedMain]  INFO  c.n.d.p.DiscoveryJerseyProvider -Using XML decoding codec XStreamXml
""2021-01-06 10:57:32 [restartedMain]  INFO  c.n.d.s.r.aws.ConfigClusterResolver -Resolving eureka endpoints via configuration
""2021-01-06 10:57:32 [restartedMain]  INFO  c.netflix.discovery.DiscoveryClient -Disable delta property : false
""2021-01-06 10:57:32 [restartedMain]  INFO  c.netflix.discovery.DiscoveryClient -Single vip registry refresh property : null
""2021-01-06 10:57:32 [restartedMain]  INFO  c.netflix.discovery.DiscoveryClient -Force full registry fetch : false
""2021-01-06 10:57:32 [restartedMain]  INFO  c.netflix.discovery.DiscoveryClient -Application is null : false
""2021-01-06 10:57:32 [restartedMain]  INFO  c.netflix.discovery.DiscoveryClient -Registered Applications size is zero : true
""2021-01-06 10:57:32 [restartedMain]  INFO  c.netflix.discovery.DiscoveryClient -Application version is -1: true
""2021-01-06 10:57:32 [restartedMain]  INFO  c.netflix.discovery.DiscoveryClient -Getting all instance registry info from the eureka server
""2021-01-06 10:57:32 [restartedMain]  INFO  c.netflix.discovery.DiscoveryClient -The response status is 200
""2021-01-06 10:57:32 [restartedMain]  INFO  c.netflix.discovery.DiscoveryClient -Starting heartbeat executor: renew interval is: 30
""2021-01-06 10:57:32 [restartedMain]  INFO  c.n.discovery.InstanceInfoReplicator -InstanceInfoReplicator onDemand update allowed rate per min is 4
""2021-01-06 10:57:32 [restartedMain]  INFO  c.netflix.discovery.DiscoveryClient -Discovery Client initialized at timestamp 1609910852537 with initial instances count: 1
""2021-01-06 10:57:32 [restartedMain]  INFO  o.s.c.n.e.s.EurekaServiceRegistry -Registering application CC-DEPARTMENTSERVICE with eureka with status UP
""2021-01-06 10:57:32 [restartedMain]  INFO  c.netflix.discovery.DiscoveryClient -Saw local status change event StatusChangeEvent [timestamp=1609910852541, current=UP, previous=STARTING]
""2021-01-06 10:57:32 [DiscoveryClient-InstanceInfoReplicator-0]  INFO  c.netflix.discovery.DiscoveryClient -DiscoveryClient_CC-DEPARTMENTSERVICE/ANNAPURNA:CC-DEPARTMENTSERVICE:9092: registering service...
""2021-01-06 10:57:32 [DiscoveryClient-InstanceInfoReplicator-0]  INFO  c.netflix.discovery.DiscoveryClient -DiscoveryClient_CC-DEPARTMENTSERVICE/ANNAPURNA:CC-DEPARTMENTSERVICE:9092 - registration status: 204
""2021-01-06 10:57:32 [restartedMain]  INFO  o.s.b.w.e.tomcat.TomcatWebServer -Tomcat started on port(s): 9092 (http) with context path ''
""2021-01-06 10:57:32 [restartedMain]  INFO  o.s.c.n.e.s.EurekaAutoServiceRegistration -Updating port to 9092
""2021-01-06 10:57:32 [restartedMain]  INFO  c.c.s.Task3DepartmentServiceApplication -Started Task3DepartmentServiceApplication in 10.005 seconds (JVM running for 11.435)
""2021-01-06 10:57:32 [restartedMain]  INFO  c.c.s.Task3DepartmentServiceApplication -*****DepartmentService Application Has Started******
""2021-01-06 10:58:23 [RMI TCP Connection(5)-127.0.0.1]  INFO  o.a.c.c.C.[Tomcat].[localhost].[/] -Initializing Spring DispatcherServlet 'dispatcherServlet'
""2021-01-06 10:58:23 [RMI TCP Connection(5)-127.0.0.1]  INFO  o.s.web.servlet.DispatcherServlet -Initializing Servlet 'dispatcherServlet'
""2021-01-06 10:58:23 [RMI TCP Connection(5)-127.0.0.1]  INFO  o.s.web.servlet.DispatcherServlet -Completed initialization in 10 ms
""2021-01-06 10:59:08 [Thread-6]  INFO  o.s.c.n.e.s.EurekaServiceRegistry -Unregistering application CC-DEPARTMENTSERVICE with eureka with status DOWN
""2021-01-06 10:59:08 [Thread-6]  ERROR c.netflix.discovery.DiscoveryClient -Saw local status change event StatusChangeEvent [timestamp=1609910948205, current=DOWN, previous=UP]
""2021-01-06 10:59:08 [DiscoveryClient-InstanceInfoReplicator-0]  INFO  c.netflix.discovery.DiscoveryClient -DiscoveryClient_CC-DEPARTMENTSERVICE/ANNAPURNA:CC-DEPARTMENTSERVICE:9092: registering service...
""2021-01-06 10:59:08 [DiscoveryClient-InstanceInfoReplicator-0]  INFO  c.netflix.discovery.DiscoveryClient -DiscoveryClient_CC-DEPARTMENTSERVICE/ANNAPURNA:CC-DEPARTMENTSERVICE:9092 - registration status: 204
""2021-01-06 10:59:08 [Thread-6]  INFO  o.s.s.c.ThreadPoolTaskExecutor -Shutting down ExecutorService 'applicationTaskExecutor'
""2021-01-06 10:59:08 [Thread-6]  INFO  o.s.o.j.LocalContainerEntityManagerFactoryBean -Closing JPA EntityManagerFactory for persistence unit 'default'
""2021-01-06 10:59:08 [Thread-6]  INFO  com.zaxxer.hikari.HikariDataSource -HikariPool-1 - Shutdown initiated...
""2021-01-06 10:59:08 [Thread-6]  INFO  com.zaxxer.hikari.HikariDataSource -HikariPool-1 - Shutdown completed.
""2021-01-06 10:59:08 [Thread-6]  INFO  c.netflix.discovery.DiscoveryClient -Shutting down DiscoveryClient ...
""2021-01-06 10:59:11 [Thread-6]  INFO  c.netflix.discovery.DiscoveryClient -Unregistering ...
""2021-01-06 10:59:11 [Thread-6]  INFO  c.netflix.discovery.DiscoveryClient -DiscoveryClient_CC-DEPARTMENTSERVICE/ANNAPURNA:CC-DEPARTMENTSERVICE:9092 - deregister  status: 200
""2021-01-06 10:59:11 [Thread-6]  INFO  c.netflix.discovery.DiscoveryClient -Completed shut down of DiscoveryClient
""2021-01-06 10:59:12 [restartedMain]  INFO  c.c.s.Task3DepartmentServiceApplication -The following profiles are active: dev
""2021-01-06 10:59:12 [restartedMain]  INFO  o.s.d.r.c.RepositoryConfigurationDelegate -Bootstrapping Spring Data JPA repositories in DEFAULT mode.
""2021-01-06 10:59:12 [restartedMain]  INFO  o.s.d.r.c.RepositoryConfigurationDelegate -Finished Spring Data repository scanning in 8ms. Found 1 JPA repository interfaces.
""2021-01-06 10:59:12 [restartedMain]  INFO  o.s.cloud.context.scope.GenericScope -BeanFactory id=1060a95b-fc8f-342b-8395-df15674c313e
""2021-01-06 10:59:12 [restartedMain]  INFO  o.s.b.w.e.tomcat.TomcatWebServer -Tomcat initialized with port(s): 9091 (http)
""2021-01-06 10:59:12 [restartedMain]  INFO  o.a.catalina.core.StandardService -Starting service [Tomcat]
""2021-01-06 10:59:12 [restartedMain]  INFO  o.a.catalina.core.StandardEngine -Starting Servlet engine: [Apache Tomcat/9.0.41]
""2021-01-06 10:59:12 [restartedMain]  INFO  o.a.c.c.C.[Tomcat].[localhost].[/] -Initializing Spring embedded WebApplicationContext
""2021-01-06 10:59:12 [restartedMain]  INFO  o.s.b.w.s.c.ServletWebServerApplicationContext -Root WebApplicationContext: initialization completed in 728 ms
""2021-01-06 10:59:13 [restartedMain]  INFO  o.h.jpa.internal.util.LogHelper -HHH000204: Processing PersistenceUnitInfo [name: default]
""2021-01-06 10:59:13 [restartedMain]  INFO  com.zaxxer.hikari.HikariDataSource -HikariPool-2 - Starting...
""2021-01-06 10:59:13 [restartedMain]  INFO  com.zaxxer.hikari.HikariDataSource -HikariPool-2 - Start completed.
""2021-01-06 10:59:13 [restartedMain]  INFO  org.hibernate.dialect.Dialect -HHH000400: Using dialect: org.hibernate.dialect.MySQL8Dialect
""2021-01-06 10:59:13 [restartedMain]  INFO  o.h.e.t.j.p.i.JtaPlatformInitiator -HHH000490: Using JtaPlatform implementation: [org.hibernate.engine.transaction.jta.platform.internal.NoJtaPlatform]
""2021-01-06 10:59:13 [restartedMain]  INFO  o.s.o.j.LocalContainerEntityManagerFactoryBean -Initialized JPA EntityManagerFactory for persistence unit 'default'
""2021-01-06 10:59:13 [restartedMain]  INFO  o.s.b.d.a.OptionalLiveReloadServer -LiveReload server is running on port 35729
""2021-01-06 10:59:13 [restartedMain]  WARN  c.n.c.sources.URLConfigurationSource -No URLs will be polled as dynamic configuration sources.
""2021-01-06 10:59:13 [restartedMain]  INFO  c.n.c.sources.URLConfigurationSource -To enable URLs as dynamic configuration sources, define System property archaius.configurationSource.additionalUrls or make config.properties available on classpath.
""2021-01-06 10:59:13 [restartedMain]  WARN  o.s.b.a.o.j.JpaBaseConfiguration$JpaWebConfiguration -spring.jpa.open-in-view is enabled by default. Therefore, database queries may be performed during view rendering. Explicitly configure spring.jpa.open-in-view to disable this warning
""2021-01-06 10:59:13 [restartedMain]  INFO  o.s.s.c.ThreadPoolTaskExecutor -Initializing ExecutorService 'applicationTaskExecutor'
""2021-01-06 10:59:13 [restartedMain]  INFO  o.s.c.n.e.c.DiscoveryClientOptionalArgsConfiguration -Eureka HTTP Client uses Jersey
""2021-01-06 10:59:13 [restartedMain]  WARN  o.s.c.l.c.BlockingLoadBalancerClientAutoConfiguration$BlockingLoadBalancerClientRibbonWarnLogger -You already have RibbonLoadBalancerClient on your classpath. It will be used by default. As Spring Cloud Ribbon is in maintenance mode. We recommend switching to BlockingLoadBalancerClient instead. In order to use it, set the value of `spring.cloud.loadbalancer.ribbon.enabled` to `false` or remove spring-cloud-starter-netflix-ribbon from your project.
""2021-01-06 10:59:13 [restartedMain]  INFO  o.s.b.a.e.web.EndpointLinksResolver -Exposing 2 endpoint(s) beneath base path '/actuator'
""2021-01-06 10:59:13 [restartedMain]  INFO  o.s.c.n.eureka.InstanceInfoFactory -Setting initial instance status as: STARTING
""2021-01-06 10:59:13 [restartedMain]  INFO  c.netflix.discovery.DiscoveryClient -Initializing Eureka in region us-east-1
""2021-01-06 10:59:14 [restartedMain]  INFO  c.n.d.p.DiscoveryJerseyProvider -Using JSON encoding codec LegacyJacksonJson
""2021-01-06 10:59:14 [restartedMain]  INFO  c.n.d.p.DiscoveryJerseyProvider -Using JSON decoding codec LegacyJacksonJson
""2021-01-06 10:59:14 [restartedMain]  INFO  c.n.d.p.DiscoveryJerseyProvider -Using XML encoding codec XStreamXml
""2021-01-06 10:59:14 [restartedMain]  INFO  c.n.d.p.DiscoveryJerseyProvider -Using XML decoding codec XStreamXml
""2021-01-06 10:59:14 [restartedMain]  INFO  c.n.d.s.r.aws.ConfigClusterResolver -Resolving eureka endpoints via configuration
""2021-01-06 10:59:14 [restartedMain]  INFO  c.netflix.discovery.DiscoveryClient -Disable delta property : false
""2021-01-06 10:59:14 [restartedMain]  INFO  c.netflix.discovery.DiscoveryClient -Single vip registry refresh property : null
""2021-01-06 10:59:14 [restartedMain]  INFO  c.netflix.discovery.DiscoveryClient -Force full registry fetch : false
""2021-01-06 10:59:14 [restartedMain]  INFO  c.netflix.discovery.DiscoveryClient -Application is null : false
""2021-01-06 10:59:14 [restartedMain]  INFO  c.netflix.discovery.DiscoveryClient -Registered Applications size is zero : true
""2021-01-06 10:59:14 [restartedMain]  INFO  c.netflix.discovery.DiscoveryClient -Application version is -1: true
""2021-01-06 10:59:14 [restartedMain]  INFO  c.netflix.discovery.DiscoveryClient -Getting all instance registry info from the eureka server
""2021-01-06 10:59:14 [restartedMain]  INFO  c.netflix.discovery.DiscoveryClient -The response status is 200
""2021-01-06 10:59:14 [restartedMain]  INFO  c.netflix.discovery.DiscoveryClient -Starting heartbeat executor: renew interval is: 30
""2021-01-06 10:59:14 [restartedMain]  INFO  c.n.discovery.InstanceInfoReplicator -InstanceInfoReplicator onDemand update allowed rate per min is 4
""2021-01-06 10:59:14 [restartedMain]  INFO  c.netflix.discovery.DiscoveryClient -Discovery Client initialized at timestamp 1609910954340 with initial instances count: 3
""2021-01-06 10:59:14 [restartedMain]  INFO  o.s.c.n.e.s.EurekaServiceRegistry -Registering application CC-DEPARTMENTSERVICE with eureka with status UP
""2021-01-06 10:59:14 [restartedMain]  INFO  c.netflix.discovery.DiscoveryClient -Saw local status change event StatusChangeEvent [timestamp=1609910954342, current=UP, previous=STARTING]
""2021-01-06 10:59:14 [DiscoveryClient-InstanceInfoReplicator-0]  INFO  c.netflix.discovery.DiscoveryClient -DiscoveryClient_CC-DEPARTMENTSERVICE/ANNAPURNA:CC-DEPARTMENTSERVICE:9091: registering service...
""2021-01-06 10:59:14 [restartedMain]  WARN  o.s.b.w.s.c.AnnotationConfigServletWebServerApplicationContext -Exception encountered during context initialization - cancelling refresh attempt: org.springframework.context.ApplicationContextException: Failed to start bean 'webServerStartStop'; nested exception is org.springframework.boot.web.server.PortInUseException: Port 9091 is already in use
""2021-01-06 10:59:14 [restartedMain]  INFO  o.s.s.c.ThreadPoolTaskExecutor -Shutting down ExecutorService 'applicationTaskExecutor'
""2021-01-06 10:59:14 [restartedMain]  INFO  o.s.o.j.LocalContainerEntityManagerFactoryBean -Closing JPA EntityManagerFactory for persistence unit 'default'
""2021-01-06 10:59:14 [DiscoveryClient-InstanceInfoReplicator-0]  INFO  c.netflix.discovery.DiscoveryClient -DiscoveryClient_CC-DEPARTMENTSERVICE/ANNAPURNA:CC-DEPARTMENTSERVICE:9091 - registration status: 204
""2021-01-06 10:59:14 [restartedMain]  INFO  com.zaxxer.hikari.HikariDataSource -HikariPool-2 - Shutdown initiated...
""2021-01-06 10:59:14 [restartedMain]  INFO  com.zaxxer.hikari.HikariDataSource -HikariPool-2 - Shutdown completed.
""2021-01-06 10:59:14 [restartedMain]  INFO  c.netflix.discovery.DiscoveryClient -Shutting down DiscoveryClient ...
""2021-01-06 10:59:17 [restartedMain]  INFO  c.netflix.discovery.DiscoveryClient -Unregistering ...
""2021-01-06 10:59:17 [restartedMain]  INFO  c.netflix.discovery.DiscoveryClient -DiscoveryClient_CC-DEPARTMENTSERVICE/ANNAPURNA:CC-DEPARTMENTSERVICE:9091 - deregister  status: 200
""2021-01-06 10:59:17 [restartedMain]  INFO  c.netflix.discovery.DiscoveryClient -Completed shut down of DiscoveryClient
""2021-01-06 10:59:17 [restartedMain]  INFO  o.a.catalina.core.StandardService -Stopping service [Tomcat]
""2021-01-06 10:59:17 [restartedMain]  INFO  o.s.b.a.l.ConditionEvaluationReportLoggingListener -

Error starting ApplicationContext. To display the conditions report re-run your application with 'debug' enabled.
""2021-01-06 10:59:17 [restartedMain]  ERROR o.s.b.d.LoggingFailureAnalysisReporter -

***************************
APPLICATION FAILED TO START
***************************

Description:

Web server failed to start. Port 9091 was already in use.

Action:

Identify and stop the process that's listening on port 9091 or configure this application to listen on another port.

""2021-01-06 11:06:50 [restartedMain]  INFO  c.c.s.Task3DepartmentServiceApplication -The following profiles are active: dev
""2021-01-06 11:06:51 [restartedMain]  INFO  o.s.d.r.c.RepositoryConfigurationDelegate -Bootstrapping Spring Data JPA repositories in DEFAULT mode.
""2021-01-06 11:06:51 [restartedMain]  INFO  o.s.d.r.c.RepositoryConfigurationDelegate -Finished Spring Data repository scanning in 167ms. Found 1 JPA repository interfaces.
""2021-01-06 11:06:51 [restartedMain]  WARN  o.s.boot.actuate.endpoint.EndpointId -Endpoint ID 'service-registry' contains invalid characters, please migrate to a valid format.
""2021-01-06 11:06:51 [restartedMain]  INFO  o.s.cloud.context.scope.GenericScope -BeanFactory id=1060a95b-fc8f-342b-8395-df15674c313e
""2021-01-06 11:06:52 [restartedMain]  INFO  o.s.b.w.e.tomcat.TomcatWebServer -Tomcat initialized with port(s): 9091 (http)
""2021-01-06 11:06:52 [restartedMain]  INFO  o.a.catalina.core.StandardService -Starting service [Tomcat]
""2021-01-06 11:06:52 [restartedMain]  INFO  o.a.catalina.core.StandardEngine -Starting Servlet engine: [Apache Tomcat/9.0.41]
""2021-01-06 11:06:52 [restartedMain]  INFO  o.a.c.c.C.[Tomcat].[localhost].[/] -Initializing Spring embedded WebApplicationContext
""2021-01-06 11:06:52 [restartedMain]  INFO  o.s.b.w.s.c.ServletWebServerApplicationContext -Root WebApplicationContext: initialization completed in 2437 ms
""2021-01-06 11:06:52 [restartedMain]  WARN  c.n.c.sources.URLConfigurationSource -No URLs will be polled as dynamic configuration sources.
""2021-01-06 11:06:52 [restartedMain]  INFO  c.n.c.sources.URLConfigurationSource -To enable URLs as dynamic configuration sources, define System property archaius.configurationSource.additionalUrls or make config.properties available on classpath.
""2021-01-06 11:06:52 [restartedMain]  INFO  c.n.config.DynamicPropertyFactory -DynamicPropertyFactory is initialized with configuration sources: com.netflix.config.ConcurrentCompositeConfiguration@5af3a910
""2021-01-06 11:06:52 [restartedMain]  INFO  o.h.jpa.internal.util.LogHelper -HHH000204: Processing PersistenceUnitInfo [name: default]
""2021-01-06 11:06:53 [restartedMain]  INFO  org.hibernate.Version -HHH000412: Hibernate ORM core version 5.4.25.Final
""2021-01-06 11:06:53 [restartedMain]  INFO  o.h.annotations.common.Version -HCANN000001: Hibernate Commons Annotations {5.1.2.Final}
""2021-01-06 11:06:53 [restartedMain]  INFO  com.zaxxer.hikari.HikariDataSource -HikariPool-1 - Starting...
""2021-01-06 11:06:53 [restartedMain]  INFO  com.zaxxer.hikari.HikariDataSource -HikariPool-1 - Start completed.
""2021-01-06 11:06:53 [restartedMain]  INFO  org.hibernate.dialect.Dialect -HHH000400: Using dialect: org.hibernate.dialect.MySQL8Dialect
""2021-01-06 11:06:54 [restartedMain]  INFO  o.h.e.t.j.p.i.JtaPlatformInitiator -HHH000490: Using JtaPlatform implementation: [org.hibernate.engine.transaction.jta.platform.internal.NoJtaPlatform]
""2021-01-06 11:06:54 [restartedMain]  INFO  o.s.o.j.LocalContainerEntityManagerFactoryBean -Initialized JPA EntityManagerFactory for persistence unit 'default'
""2021-01-06 11:06:54 [restartedMain]  INFO  o.s.b.d.a.OptionalLiveReloadServer -LiveReload server is running on port 35729
""2021-01-06 11:06:54 [restartedMain]  WARN  c.n.c.sources.URLConfigurationSource -No URLs will be polled as dynamic configuration sources.
""2021-01-06 11:06:54 [restartedMain]  INFO  c.n.c.sources.URLConfigurationSource -To enable URLs as dynamic configuration sources, define System property archaius.configurationSource.additionalUrls or make config.properties available on classpath.
""2021-01-06 11:06:55 [restartedMain]  WARN  o.s.b.a.o.j.JpaBaseConfiguration$JpaWebConfiguration -spring.jpa.open-in-view is enabled by default. Therefore, database queries may be performed during view rendering. Explicitly configure spring.jpa.open-in-view to disable this warning
""2021-01-06 11:06:55 [restartedMain]  INFO  o.s.s.c.ThreadPoolTaskExecutor -Initializing ExecutorService 'applicationTaskExecutor'
""2021-01-06 11:06:56 [restartedMain]  INFO  o.s.c.n.e.c.DiscoveryClientOptionalArgsConfiguration -Eureka HTTP Client uses Jersey
""2021-01-06 11:06:56 [restartedMain]  WARN  o.s.c.l.c.BlockingLoadBalancerClientAutoConfiguration$BlockingLoadBalancerClientRibbonWarnLogger -You already have RibbonLoadBalancerClient on your classpath. It will be used by default. As Spring Cloud Ribbon is in maintenance mode. We recommend switching to BlockingLoadBalancerClient instead. In order to use it, set the value of `spring.cloud.loadbalancer.ribbon.enabled` to `false` or remove spring-cloud-starter-netflix-ribbon from your project.
""2021-01-06 11:06:56 [restartedMain]  INFO  o.s.b.a.e.web.EndpointLinksResolver -Exposing 2 endpoint(s) beneath base path '/actuator'
""2021-01-06 11:06:56 [restartedMain]  INFO  o.s.c.n.eureka.InstanceInfoFactory -Setting initial instance status as: STARTING
""2021-01-06 11:06:56 [restartedMain]  INFO  c.netflix.discovery.DiscoveryClient -Initializing Eureka in region us-east-1
""2021-01-06 11:06:56 [restartedMain]  INFO  c.n.d.p.DiscoveryJerseyProvider -Using JSON encoding codec LegacyJacksonJson
""2021-01-06 11:06:56 [restartedMain]  INFO  c.n.d.p.DiscoveryJerseyProvider -Using JSON decoding codec LegacyJacksonJson
""2021-01-06 11:06:56 [RMI TCP Connection(1)-127.0.0.1]  INFO  o.a.c.c.C.[Tomcat].[localhost].[/] -Initializing Spring DispatcherServlet 'dispatcherServlet'
""2021-01-06 11:06:56 [RMI TCP Connection(1)-127.0.0.1]  INFO  o.s.web.servlet.DispatcherServlet -Initializing Servlet 'dispatcherServlet'
""2021-01-06 11:06:56 [RMI TCP Connection(1)-127.0.0.1]  INFO  o.s.web.servlet.DispatcherServlet -Completed initialization in 12 ms
""2021-01-06 11:06:56 [restartedMain]  INFO  c.n.d.p.DiscoveryJerseyProvider -Using XML encoding codec XStreamXml
""2021-01-06 11:06:56 [restartedMain]  INFO  c.n.d.p.DiscoveryJerseyProvider -Using XML decoding codec XStreamXml
""2021-01-06 11:06:57 [restartedMain]  INFO  c.n.d.s.r.aws.ConfigClusterResolver -Resolving eureka endpoints via configuration
""2021-01-06 11:06:57 [restartedMain]  INFO  c.netflix.discovery.DiscoveryClient -Disable delta property : false
""2021-01-06 11:06:57 [restartedMain]  INFO  c.netflix.discovery.DiscoveryClient -Single vip registry refresh property : null
""2021-01-06 11:06:57 [restartedMain]  INFO  c.netflix.discovery.DiscoveryClient -Force full registry fetch : false
""2021-01-06 11:06:57 [restartedMain]  INFO  c.netflix.discovery.DiscoveryClient -Application is null : false
""2021-01-06 11:06:57 [restartedMain]  INFO  c.netflix.discovery.DiscoveryClient -Registered Applications size is zero : true
""2021-01-06 11:06:57 [restartedMain]  INFO  c.netflix.discovery.DiscoveryClient -Application version is -1: true
""2021-01-06 11:06:57 [restartedMain]  INFO  c.netflix.discovery.DiscoveryClient -Getting all instance registry info from the eureka server
""2021-01-06 11:06:57 [restartedMain]  INFO  c.netflix.discovery.DiscoveryClient -The response status is 200
""2021-01-06 11:06:57 [restartedMain]  INFO  c.netflix.discovery.DiscoveryClient -Starting heartbeat executor: renew interval is: 30
""2021-01-06 11:06:57 [restartedMain]  INFO  c.n.discovery.InstanceInfoReplicator -InstanceInfoReplicator onDemand update allowed rate per min is 4
""2021-01-06 11:06:57 [restartedMain]  INFO  c.netflix.discovery.DiscoveryClient -Discovery Client initialized at timestamp 1609911417517 with initial instances count: 1
""2021-01-06 11:06:57 [restartedMain]  INFO  o.s.c.n.e.s.EurekaServiceRegistry -Registering application CC-DEPARTMENTSERVICE with eureka with status UP
""2021-01-06 11:06:57 [restartedMain]  INFO  c.netflix.discovery.DiscoveryClient -Saw local status change event StatusChangeEvent [timestamp=1609911417521, current=UP, previous=STARTING]
""2021-01-06 11:06:57 [DiscoveryClient-InstanceInfoReplicator-0]  INFO  c.netflix.discovery.DiscoveryClient -DiscoveryClient_CC-DEPARTMENTSERVICE/ANNAPURNA:CC-DEPARTMENTSERVICE:9091: registering service...
""2021-01-06 11:06:57 [DiscoveryClient-InstanceInfoReplicator-0]  INFO  c.netflix.discovery.DiscoveryClient -DiscoveryClient_CC-DEPARTMENTSERVICE/ANNAPURNA:CC-DEPARTMENTSERVICE:9091 - registration status: 204
""2021-01-06 11:06:57 [restartedMain]  INFO  o.s.b.w.e.tomcat.TomcatWebServer -Tomcat started on port(s): 9091 (http) with context path ''
""2021-01-06 11:06:57 [restartedMain]  INFO  o.s.c.n.e.s.EurekaAutoServiceRegistration -Updating port to 9091
""2021-01-06 11:06:57 [restartedMain]  INFO  c.c.s.Task3DepartmentServiceApplication -Started Task3DepartmentServiceApplication in 8.947 seconds (JVM running for 10.279)
""2021-01-06 11:06:57 [restartedMain]  INFO  c.c.s.Task3DepartmentServiceApplication -*****DepartmentService Application Has Started******
""2021-01-06 11:10:29 [RMI TCP Connection(8)-127.0.0.1]  INFO  o.s.b.a.SpringApplicationAdminMXBeanRegistrar$SpringApplicationAdmin -Application shutdown requested.
""2021-01-06 11:10:29 [RMI TCP Connection(8)-127.0.0.1]  INFO  o.s.c.n.e.s.EurekaServiceRegistry -Unregistering application CC-DEPARTMENTSERVICE with eureka with status DOWN
""2021-01-06 11:10:29 [RMI TCP Connection(8)-127.0.0.1]  ERROR c.netflix.discovery.DiscoveryClient -Saw local status change event StatusChangeEvent [timestamp=1609911629169, current=DOWN, previous=UP]
""2021-01-06 11:10:29 [DiscoveryClient-InstanceInfoReplicator-0]  INFO  c.netflix.discovery.DiscoveryClient -DiscoveryClient_CC-DEPARTMENTSERVICE/ANNAPURNA:CC-DEPARTMENTSERVICE:9091: registering service...
""2021-01-06 11:10:29 [DiscoveryClient-InstanceInfoReplicator-0]  INFO  c.netflix.discovery.DiscoveryClient -DiscoveryClient_CC-DEPARTMENTSERVICE/ANNAPURNA:CC-DEPARTMENTSERVICE:9091 - registration status: 204
""2021-01-06 11:10:29 [RMI TCP Connection(8)-127.0.0.1]  INFO  o.a.catalina.core.StandardService -Stopping service [Tomcat]
""2021-01-06 11:10:29 [RMI TCP Connection(8)-127.0.0.1]  INFO  o.a.c.c.C.[Tomcat].[localhost].[/] -Destroying Spring FrameworkServlet 'dispatcherServlet'
""2021-01-06 11:10:29 [RMI TCP Connection(8)-127.0.0.1]  INFO  o.s.s.c.ThreadPoolTaskExecutor -Shutting down ExecutorService 'applicationTaskExecutor'
""2021-01-06 11:10:29 [RMI TCP Connection(8)-127.0.0.1]  INFO  o.s.o.j.LocalContainerEntityManagerFactoryBean -Closing JPA EntityManagerFactory for persistence unit 'default'
""2021-01-06 11:10:29 [RMI TCP Connection(8)-127.0.0.1]  INFO  com.zaxxer.hikari.HikariDataSource -HikariPool-1 - Shutdown initiated...
""2021-01-06 11:10:29 [RMI TCP Connection(8)-127.0.0.1]  INFO  com.zaxxer.hikari.HikariDataSource -HikariPool-1 - Shutdown completed.
""2021-01-06 11:10:29 [RMI TCP Connection(8)-127.0.0.1]  INFO  c.netflix.discovery.DiscoveryClient -Shutting down DiscoveryClient ...
""2021-01-06 11:10:32 [RMI TCP Connection(8)-127.0.0.1]  INFO  c.netflix.discovery.DiscoveryClient -Unregistering ...
""2021-01-06 11:10:32 [RMI TCP Connection(8)-127.0.0.1]  INFO  c.netflix.discovery.DiscoveryClient -DiscoveryClient_CC-DEPARTMENTSERVICE/ANNAPURNA:CC-DEPARTMENTSERVICE:9091 - deregister  status: 200
""2021-01-06 11:10:32 [RMI TCP Connection(8)-127.0.0.1]  INFO  c.netflix.discovery.DiscoveryClient -Completed shut down of DiscoveryClient
""2021-01-06 11:11:18 [restartedMain]  INFO  c.c.s.Task3DepartmentServiceApplication -The following profiles are active: dev
""2021-01-06 11:11:19 [restartedMain]  INFO  o.s.d.r.c.RepositoryConfigurationDelegate -Bootstrapping Spring Data JPA repositories in DEFAULT mode.
""2021-01-06 11:11:20 [restartedMain]  INFO  o.s.d.r.c.RepositoryConfigurationDelegate -Finished Spring Data repository scanning in 218ms. Found 1 JPA repository interfaces.
""2021-01-06 11:11:20 [restartedMain]  WARN  o.s.boot.actuate.endpoint.EndpointId -Endpoint ID 'service-registry' contains invalid characters, please migrate to a valid format.
""2021-01-06 11:11:20 [restartedMain]  INFO  o.s.cloud.context.scope.GenericScope -BeanFactory id=1060a95b-fc8f-342b-8395-df15674c313e
""2021-01-06 11:11:21 [restartedMain]  INFO  o.s.b.w.e.tomcat.TomcatWebServer -Tomcat initialized with port(s): 9091 (http)
""2021-01-06 11:11:21 [restartedMain]  INFO  o.a.catalina.core.StandardService -Starting service [Tomcat]
""2021-01-06 11:11:21 [restartedMain]  INFO  o.a.catalina.core.StandardEngine -Starting Servlet engine: [Apache Tomcat/9.0.41]
""2021-01-06 11:11:21 [restartedMain]  INFO  o.a.c.c.C.[Tomcat].[localhost].[/] -Initializing Spring embedded WebApplicationContext
""2021-01-06 11:11:21 [restartedMain]  INFO  o.s.b.w.s.c.ServletWebServerApplicationContext -Root WebApplicationContext: initialization completed in 2578 ms
""2021-01-06 11:11:21 [restartedMain]  WARN  c.n.c.sources.URLConfigurationSource -No URLs will be polled as dynamic configuration sources.
""2021-01-06 11:11:21 [restartedMain]  INFO  c.n.c.sources.URLConfigurationSource -To enable URLs as dynamic configuration sources, define System property archaius.configurationSource.additionalUrls or make config.properties available on classpath.
""2021-01-06 11:11:21 [restartedMain]  INFO  c.n.config.DynamicPropertyFactory -DynamicPropertyFactory is initialized with configuration sources: com.netflix.config.ConcurrentCompositeConfiguration@2bdf91ba
""2021-01-06 11:11:21 [restartedMain]  INFO  o.h.jpa.internal.util.LogHelper -HHH000204: Processing PersistenceUnitInfo [name: default]
""2021-01-06 11:11:21 [restartedMain]  INFO  org.hibernate.Version -HHH000412: Hibernate ORM core version 5.4.25.Final
""2021-01-06 11:11:21 [restartedMain]  INFO  o.h.annotations.common.Version -HCANN000001: Hibernate Commons Annotations {5.1.2.Final}
""2021-01-06 11:11:22 [restartedMain]  INFO  com.zaxxer.hikari.HikariDataSource -HikariPool-1 - Starting...
""2021-01-06 11:11:22 [restartedMain]  INFO  com.zaxxer.hikari.HikariDataSource -HikariPool-1 - Start completed.
""2021-01-06 11:11:22 [restartedMain]  INFO  org.hibernate.dialect.Dialect -HHH000400: Using dialect: org.hibernate.dialect.MySQL8Dialect
""2021-01-06 11:11:23 [restartedMain]  INFO  o.h.e.t.j.p.i.JtaPlatformInitiator -HHH000490: Using JtaPlatform implementation: [org.hibernate.engine.transaction.jta.platform.internal.NoJtaPlatform]
""2021-01-06 11:11:23 [restartedMain]  INFO  o.s.o.j.LocalContainerEntityManagerFactoryBean -Initialized JPA EntityManagerFactory for persistence unit 'default'
""2021-01-06 11:11:24 [restartedMain]  INFO  o.s.b.d.a.OptionalLiveReloadServer -LiveReload server is running on port 35729
""2021-01-06 11:11:24 [restartedMain]  WARN  c.n.c.sources.URLConfigurationSource -No URLs will be polled as dynamic configuration sources.
""2021-01-06 11:11:24 [restartedMain]  INFO  c.n.c.sources.URLConfigurationSource -To enable URLs as dynamic configuration sources, define System property archaius.configurationSource.additionalUrls or make config.properties available on classpath.
""2021-01-06 11:11:24 [restartedMain]  WARN  o.s.b.a.o.j.JpaBaseConfiguration$JpaWebConfiguration -spring.jpa.open-in-view is enabled by default. Therefore, database queries may be performed during view rendering. Explicitly configure spring.jpa.open-in-view to disable this warning
""2021-01-06 11:11:24 [restartedMain]  INFO  o.s.s.c.ThreadPoolTaskExecutor -Initializing ExecutorService 'applicationTaskExecutor'
""2021-01-06 11:11:25 [restartedMain]  INFO  o.s.c.n.e.c.DiscoveryClientOptionalArgsConfiguration -Eureka HTTP Client uses Jersey
""2021-01-06 11:11:25 [restartedMain]  WARN  o.s.c.l.c.BlockingLoadBalancerClientAutoConfiguration$BlockingLoadBalancerClientRibbonWarnLogger -You already have RibbonLoadBalancerClient on your classpath. It will be used by default. As Spring Cloud Ribbon is in maintenance mode. We recommend switching to BlockingLoadBalancerClient instead. In order to use it, set the value of `spring.cloud.loadbalancer.ribbon.enabled` to `false` or remove spring-cloud-starter-netflix-ribbon from your project.
""2021-01-06 11:11:25 [restartedMain]  INFO  o.s.b.a.e.web.EndpointLinksResolver -Exposing 2 endpoint(s) beneath base path '/actuator'
""2021-01-06 11:11:25 [restartedMain]  INFO  o.s.c.n.eureka.InstanceInfoFactory -Setting initial instance status as: STARTING
""2021-01-06 11:11:25 [restartedMain]  INFO  c.netflix.discovery.DiscoveryClient -Initializing Eureka in region us-east-1
""2021-01-06 11:11:25 [restartedMain]  INFO  c.n.d.p.DiscoveryJerseyProvider -Using JSON encoding codec LegacyJacksonJson
""2021-01-06 11:11:25 [restartedMain]  INFO  c.n.d.p.DiscoveryJerseyProvider -Using JSON decoding codec LegacyJacksonJson
""2021-01-06 11:11:26 [restartedMain]  INFO  c.n.d.p.DiscoveryJerseyProvider -Using XML encoding codec XStreamXml
""2021-01-06 11:11:26 [restartedMain]  INFO  c.n.d.p.DiscoveryJerseyProvider -Using XML decoding codec XStreamXml
""2021-01-06 11:11:26 [RMI TCP Connection(3)-127.0.0.1]  INFO  o.a.c.c.C.[Tomcat].[localhost].[/] -Initializing Spring DispatcherServlet 'dispatcherServlet'
""2021-01-06 11:11:26 [RMI TCP Connection(3)-127.0.0.1]  INFO  o.s.web.servlet.DispatcherServlet -Initializing Servlet 'dispatcherServlet'
""2021-01-06 11:11:26 [RMI TCP Connection(3)-127.0.0.1]  INFO  o.s.web.servlet.DispatcherServlet -Completed initialization in 10 ms
""2021-01-06 11:11:26 [restartedMain]  INFO  c.n.d.s.r.aws.ConfigClusterResolver -Resolving eureka endpoints via configuration
""2021-01-06 11:11:26 [restartedMain]  INFO  c.netflix.discovery.DiscoveryClient -Disable delta property : false
""2021-01-06 11:11:26 [restartedMain]  INFO  c.netflix.discovery.DiscoveryClient -Single vip registry refresh property : null
""2021-01-06 11:11:26 [restartedMain]  INFO  c.netflix.discovery.DiscoveryClient -Force full registry fetch : false
""2021-01-06 11:11:26 [restartedMain]  INFO  c.netflix.discovery.DiscoveryClient -Application is null : false
""2021-01-06 11:11:26 [restartedMain]  INFO  c.netflix.discovery.DiscoveryClient -Registered Applications size is zero : true
""2021-01-06 11:11:26 [restartedMain]  INFO  c.netflix.discovery.DiscoveryClient -Application version is -1: true
""2021-01-06 11:11:26 [restartedMain]  INFO  c.netflix.discovery.DiscoveryClient -Getting all instance registry info from the eureka server
""2021-01-06 11:11:26 [restartedMain]  INFO  c.netflix.discovery.DiscoveryClient -The response status is 200
""2021-01-06 11:11:26 [restartedMain]  INFO  c.netflix.discovery.DiscoveryClient -Starting heartbeat executor: renew interval is: 30
""2021-01-06 11:11:26 [restartedMain]  INFO  c.n.discovery.InstanceInfoReplicator -InstanceInfoReplicator onDemand update allowed rate per min is 4
""2021-01-06 11:11:26 [restartedMain]  INFO  c.netflix.discovery.DiscoveryClient -Discovery Client initialized at timestamp 1609911686884 with initial instances count: 2
""2021-01-06 11:11:26 [restartedMain]  INFO  o.s.c.n.e.s.EurekaServiceRegistry -Registering application CC-DEPARTMENTSERVICE with eureka with status UP
""2021-01-06 11:11:26 [restartedMain]  INFO  c.netflix.discovery.DiscoveryClient -Saw local status change event StatusChangeEvent [timestamp=1609911686888, current=UP, previous=STARTING]
""2021-01-06 11:11:26 [DiscoveryClient-InstanceInfoReplicator-0]  INFO  c.netflix.discovery.DiscoveryClient -DiscoveryClient_CC-DEPARTMENTSERVICE/ANNAPURNA:CC-DEPARTMENTSERVICE:9091: registering service...
""2021-01-06 11:11:26 [DiscoveryClient-InstanceInfoReplicator-0]  INFO  c.netflix.discovery.DiscoveryClient -DiscoveryClient_CC-DEPARTMENTSERVICE/ANNAPURNA:CC-DEPARTMENTSERVICE:9091 - registration status: 204
""2021-01-06 11:11:26 [restartedMain]  INFO  o.s.b.w.e.tomcat.TomcatWebServer -Tomcat started on port(s): 9091 (http) with context path ''
""2021-01-06 11:11:26 [restartedMain]  INFO  o.s.c.n.e.s.EurekaAutoServiceRegistration -Updating port to 9091
""2021-01-06 11:11:27 [restartedMain]  INFO  c.c.s.Task3DepartmentServiceApplication -Started Task3DepartmentServiceApplication in 9.702 seconds (JVM running for 10.992)
""2021-01-06 11:11:27 [restartedMain]  INFO  c.c.s.Task3DepartmentServiceApplication -*****DepartmentService Application Has Started******
""2021-01-06 11:11:54 [http-nio-9091-exec-1]  INFO  c.c.s.s.DepartmentServiceImpl -Inside saveDepartment of DepartmentServiceImpl
""2021-01-06 11:12:10 [http-nio-9091-exec-2]  INFO  c.c.s.s.DepartmentServiceImpl -Inside getAllDepartments of DepartmentServiceImpl
""2021-01-06 11:13:32 [http-nio-9091-exec-4]  INFO  c.c.s.s.DepartmentServiceImpl -Inside saveDepartment of DepartmentServiceImpl
""2021-01-06 11:15:19 [http-nio-9091-exec-6]  INFO  c.c.s.s.DepartmentServiceImpl -Inside getAllDepartments of DepartmentServiceImpl
""2021-01-06 11:16:26 [AsyncResolver-bootstrap-executor-0]  INFO  c.n.d.s.r.aws.ConfigClusterResolver -Resolving eureka endpoints via configuration
""2021-01-06 11:17:07 [http-nio-9091-exec-8]  INFO  c.c.s.s.DepartmentServiceImpl -Inside getOneDepartment of DepartmentServiceImpl
""2021-01-06 11:18:17 [RMI TCP Connection(10)-127.0.0.1]  INFO  o.s.b.a.SpringApplicationAdminMXBeanRegistrar$SpringApplicationAdmin -Application shutdown requested.
""2021-01-06 11:18:17 [RMI TCP Connection(10)-127.0.0.1]  INFO  o.s.c.n.e.s.EurekaServiceRegistry -Unregistering application CC-DEPARTMENTSERVICE with eureka with status DOWN
""2021-01-06 11:18:17 [RMI TCP Connection(10)-127.0.0.1]  ERROR c.netflix.discovery.DiscoveryClient -Saw local status change event StatusChangeEvent [timestamp=1609912097898, current=DOWN, previous=UP]
""2021-01-06 11:18:17 [DiscoveryClient-InstanceInfoReplicator-0]  INFO  c.netflix.discovery.DiscoveryClient -DiscoveryClient_CC-DEPARTMENTSERVICE/ANNAPURNA:CC-DEPARTMENTSERVICE:9091: registering service...
""2021-01-06 11:18:17 [RMI TCP Connection(10)-127.0.0.1]  INFO  o.a.catalina.core.StandardService -Stopping service [Tomcat]
""2021-01-06 11:18:17 [RMI TCP Connection(10)-127.0.0.1]  INFO  o.a.c.c.C.[Tomcat].[localhost].[/] -Destroying Spring FrameworkServlet 'dispatcherServlet'
""2021-01-06 11:18:17 [RMI TCP Connection(10)-127.0.0.1]  INFO  o.s.s.c.ThreadPoolTaskExecutor -Shutting down ExecutorService 'applicationTaskExecutor'
""2021-01-06 11:18:17 [RMI TCP Connection(10)-127.0.0.1]  INFO  o.s.o.j.LocalContainerEntityManagerFactoryBean -Closing JPA EntityManagerFactory for persistence unit 'default'
""2021-01-06 11:18:17 [RMI TCP Connection(10)-127.0.0.1]  INFO  com.zaxxer.hikari.HikariDataSource -HikariPool-1 - Shutdown initiated...
""2021-01-06 11:18:17 [RMI TCP Connection(10)-127.0.0.1]  INFO  com.zaxxer.hikari.HikariDataSource -HikariPool-1 - Shutdown completed.
""2021-01-06 11:18:17 [RMI TCP Connection(10)-127.0.0.1]  INFO  c.netflix.discovery.DiscoveryClient -Shutting down DiscoveryClient ...
"