"2021-01-07 17:08:50 [main]  INFO  c.c.s.Task3CloudConfigServerGitHubApplication -The following profiles are active: dev
""2021-01-07 17:08:51 [main]  WARN  o.s.boot.actuate.endpoint.EndpointId -Endpoint ID 'service-registry' contains invalid characters, please migrate to a valid format.
""2021-01-07 17:08:51 [main]  INFO  o.s.cloud.context.scope.GenericScope -BeanFactory id=29776a4d-e25c-356d-bb3b-7b21b0493eec
""2021-01-07 17:08:51 [main]  INFO  o.s.b.w.e.tomcat.TomcatWebServer -Tomcat initialized with port(s): 8081 (http)
""2021-01-07 17:08:51 [main]  INFO  o.a.catalina.core.StandardService -Starting service [Tomcat]
""2021-01-07 17:08:51 [main]  INFO  o.a.catalina.core.StandardEngine -Starting Servlet engine: [Apache Tomcat/9.0.41]
""2021-01-07 17:08:52 [main]  INFO  o.a.c.c.C.[Tomcat].[localhost].[/] -Initializing Spring embedded WebApplicationContext
""2021-01-07 17:08:52 [main]  INFO  o.s.b.w.s.c.ServletWebServerApplicationContext -Root WebApplicationContext: initialization completed in 2038 ms
""2021-01-07 17:08:52 [main]  WARN  c.n.c.sources.URLConfigurationSource -No URLs will be polled as dynamic configuration sources.
""2021-01-07 17:08:52 [main]  INFO  c.n.c.sources.URLConfigurationSource -To enable URLs as dynamic configuration sources, define System property archaius.configurationSource.additionalUrls or make config.properties available on classpath.
""2021-01-07 17:08:52 [main]  INFO  c.n.config.DynamicPropertyFactory -DynamicPropertyFactory is initialized with configuration sources: com.netflix.config.ConcurrentCompositeConfiguration@6c07ad6b
""2021-01-07 17:08:52 [main]  WARN  c.n.c.sources.URLConfigurationSource -No URLs will be polled as dynamic configuration sources.
""2021-01-07 17:08:52 [main]  INFO  c.n.c.sources.URLConfigurationSource -To enable URLs as dynamic configuration sources, define System property archaius.configurationSource.additionalUrls or make config.properties available on classpath.
""2021-01-07 17:08:52 [main]  INFO  o.s.s.c.ThreadPoolTaskExecutor -Initializing ExecutorService 'applicationTaskExecutor'
""2021-01-07 17:08:53 [main]  INFO  o.s.c.n.e.c.DiscoveryClientOptionalArgsConfiguration -Eureka HTTP Client uses Jersey
""2021-01-07 17:08:53 [main]  WARN  o.s.c.l.c.BlockingLoadBalancerClientAutoConfiguration$BlockingLoadBalancerClientRibbonWarnLogger -You already have RibbonLoadBalancerClient on your classpath. It will be used by default. As Spring Cloud Ribbon is in maintenance mode. We recommend switching to BlockingLoadBalancerClient instead. In order to use it, set the value of `spring.cloud.loadbalancer.ribbon.enabled` to `false` or remove spring-cloud-starter-netflix-ribbon from your project.
""2021-01-07 17:08:53 [main]  INFO  o.s.b.a.e.web.EndpointLinksResolver -Exposing 2 endpoint(s) beneath base path '/actuator'
""2021-01-07 17:08:54 [main]  INFO  o.s.c.n.eureka.InstanceInfoFactory -Setting initial instance status as: STARTING
""2021-01-07 17:08:54 [main]  INFO  c.netflix.discovery.DiscoveryClient -Initializing Eureka in region us-east-1
""2021-01-07 17:08:54 [main]  INFO  c.n.d.p.DiscoveryJerseyProvider -Using JSON encoding codec LegacyJacksonJson
""2021-01-07 17:08:54 [main]  INFO  c.n.d.p.DiscoveryJerseyProvider -Using JSON decoding codec LegacyJacksonJson
""2021-01-07 17:08:54 [main]  INFO  c.n.d.p.DiscoveryJerseyProvider -Using XML encoding codec XStreamXml
""2021-01-07 17:08:54 [main]  INFO  c.n.d.p.DiscoveryJerseyProvider -Using XML decoding codec XStreamXml
""2021-01-07 17:08:54 [main]  INFO  c.n.d.s.r.aws.ConfigClusterResolver -Resolving eureka endpoints via configuration
""2021-01-07 17:08:54 [main]  INFO  c.netflix.discovery.DiscoveryClient -Disable delta property : false
""2021-01-07 17:08:54 [main]  INFO  c.netflix.discovery.DiscoveryClient -Single vip registry refresh property : null
""2021-01-07 17:08:54 [main]  INFO  c.netflix.discovery.DiscoveryClient -Force full registry fetch : false
""2021-01-07 17:08:54 [main]  INFO  c.netflix.discovery.DiscoveryClient -Application is null : false
""2021-01-07 17:08:54 [main]  INFO  c.netflix.discovery.DiscoveryClient -Registered Applications size is zero : true
""2021-01-07 17:08:54 [main]  INFO  c.netflix.discovery.DiscoveryClient -Application version is -1: true
""2021-01-07 17:08:54 [main]  INFO  c.netflix.discovery.DiscoveryClient -Getting all instance registry info from the eureka server
""2021-01-07 17:08:55 [main]  INFO  c.netflix.discovery.DiscoveryClient -The response status is 200
""2021-01-07 17:08:55 [main]  INFO  c.netflix.discovery.DiscoveryClient -Starting heartbeat executor: renew interval is: 30
""2021-01-07 17:08:55 [main]  INFO  c.n.discovery.InstanceInfoReplicator -InstanceInfoReplicator onDemand update allowed rate per min is 4
""2021-01-07 17:08:55 [main]  INFO  c.netflix.discovery.DiscoveryClient -Discovery Client initialized at timestamp 1610019535222 with initial instances count: 0
""2021-01-07 17:08:55 [main]  INFO  o.s.c.n.e.s.EurekaServiceRegistry -Registering application CC-CLOUDCONFIGSERVER with eureka with status UP
""2021-01-07 17:08:55 [main]  INFO  c.netflix.discovery.DiscoveryClient -Saw local status change event StatusChangeEvent [timestamp=1610019535226, current=UP, previous=STARTING]
""2021-01-07 17:08:55 [DiscoveryClient-InstanceInfoReplicator-0]  INFO  c.netflix.discovery.DiscoveryClient -DiscoveryClient_CC-CLOUDCONFIGSERVER/ANNAPURNA:CC-CLOUDCONFIGSERVER:8081: registering service...
""2021-01-07 17:08:55 [main]  INFO  o.s.b.w.e.tomcat.TomcatWebServer -Tomcat started on port(s): 8081 (http) with context path ''
""2021-01-07 17:08:55 [main]  INFO  o.s.c.n.e.s.EurekaAutoServiceRegistration -Updating port to 8081
""2021-01-07 17:08:55 [DiscoveryClient-InstanceInfoReplicator-0]  INFO  c.netflix.discovery.DiscoveryClient -DiscoveryClient_CC-CLOUDCONFIGSERVER/ANNAPURNA:CC-CLOUDCONFIGSERVER:8081 - registration status: 204
""2021-01-07 17:08:55 [main]  INFO  c.c.s.Task3CloudConfigServerGitHubApplication -Started Task3CloudConfigServerGitHubApplication in 6.656 seconds (JVM running for 7.814)
""2021-01-07 17:08:55 [main]  INFO  c.c.s.Task3CloudConfigServerGitHubApplication -*****Cloud Config Server Application Has Started******
""2021-01-07 17:09:25 [DiscoveryClient-CacheRefreshExecutor-0]  INFO  c.netflix.discovery.DiscoveryClient -Disable delta property : false
""2021-01-07 17:09:25 [DiscoveryClient-CacheRefreshExecutor-0]  INFO  c.netflix.discovery.DiscoveryClient -Single vip registry refresh property : null
""2021-01-07 17:09:25 [DiscoveryClient-CacheRefreshExecutor-0]  INFO  c.netflix.discovery.DiscoveryClient -Force full registry fetch : false
""2021-01-07 17:09:25 [DiscoveryClient-CacheRefreshExecutor-0]  INFO  c.netflix.discovery.DiscoveryClient -Application is null : false
""2021-01-07 17:09:25 [DiscoveryClient-CacheRefreshExecutor-0]  INFO  c.netflix.discovery.DiscoveryClient -Registered Applications size is zero : true
""2021-01-07 17:09:25 [DiscoveryClient-CacheRefreshExecutor-0]  INFO  c.netflix.discovery.DiscoveryClient -Application version is -1: false
""2021-01-07 17:09:25 [DiscoveryClient-CacheRefreshExecutor-0]  INFO  c.netflix.discovery.DiscoveryClient -Getting all instance registry info from the eureka server
""2021-01-07 17:09:25 [DiscoveryClient-CacheRefreshExecutor-0]  INFO  c.netflix.discovery.DiscoveryClient -The response status is 200
""2021-01-07 17:12:36 [RMI TCP Connection(6)-127.0.0.1]  INFO  o.a.c.c.C.[Tomcat].[localhost].[/] -Initializing Spring DispatcherServlet 'dispatcherServlet'
""2021-01-07 17:12:36 [RMI TCP Connection(6)-127.0.0.1]  INFO  o.s.web.servlet.DispatcherServlet -Initializing Servlet 'dispatcherServlet'
""2021-01-07 17:12:36 [RMI TCP Connection(6)-127.0.0.1]  INFO  o.s.web.servlet.DispatcherServlet -Completed initialization in 12 ms
""2021-01-07 17:13:54 [AsyncResolver-bootstrap-executor-0]  INFO  c.n.d.s.r.aws.ConfigClusterResolver -Resolving eureka endpoints via configuration
""2021-01-07 17:16:59 [DiscoveryClient-HeartbeatExecutor-0]  INFO  c.n.d.s.t.d.RedirectingEurekaHttpClient -Request execution error. endpoint=DefaultEndpoint{ serviceUrl='http://localhost:8761/eureka/} exception=java.net.ConnectException: Connection refused: no further information stacktrace=com.sun.jersey.api.client.ClientHandlerException: java.net.ConnectException: Connection refused: no further information
	at com.sun.jersey.client.apache4.ApacheHttpClient4Handler.handle(ApacheHttpClient4Handler.java:187)
	at com.sun.jersey.api.client.filter.GZIPContentEncodingFilter.handle(GZIPContentEncodingFilter.java:123)
	at com.netflix.discovery.EurekaIdentityHeaderFilter.handle(EurekaIdentityHeaderFilter.java:27)
	at com.sun.jersey.api.client.Client.handle(Client.java:652)
	at com.sun.jersey.api.client.WebResource.handle(WebResource.java:682)
	at com.sun.jersey.api.client.WebResource.access$200(WebResource.java:74)
	at com.sun.jersey.api.client.WebResource$Builder.put(WebResource.java:529)
	at com.netflix.discovery.shared.transport.jersey.AbstractJerseyEurekaHttpClient.sendHeartBeat(AbstractJerseyEurekaHttpClient.java:103)
	at com.netflix.discovery.shared.transport.decorator.EurekaHttpClientDecorator$3.execute(EurekaHttpClientDecorator.java:92)
	at com.netflix.discovery.shared.transport.decorator.MetricsCollectingEurekaHttpClient.execute(MetricsCollectingEurekaHttpClient.java:73)
	at com.netflix.discovery.shared.transport.decorator.EurekaHttpClientDecorator.sendHeartBeat(EurekaHttpClientDecorator.java:89)
	at com.netflix.discovery.shared.transport.decorator.EurekaHttpClientDecorator$3.execute(EurekaHttpClientDecorator.java:92)
	at com.netflix.discovery.shared.transport.decorator.RedirectingEurekaHttpClient.execute(RedirectingEurekaHttpClient.java:91)
	at com.netflix.discovery.shared.transport.decorator.EurekaHttpClientDecorator.sendHeartBeat(EurekaHttpClientDecorator.java:89)
	at com.netflix.discovery.shared.transport.decorator.EurekaHttpClientDecorator$3.execute(EurekaHttpClientDecorator.java:92)
	at com.netflix.discovery.shared.transport.decorator.RetryableEurekaHttpClient.execute(RetryableEurekaHttpClient.java:120)
	at com.netflix.discovery.shared.transport.decorator.EurekaHttpClientDecorator.sendHeartBeat(EurekaHttpClientDecorator.java:89)
	at com.netflix.discovery.shared.transport.decorator.EurekaHttpClientDecorator$3.execute(EurekaHttpClientDecorator.java:92)
	at com.netflix.discovery.shared.transport.decorator.SessionedEurekaHttpClient.execute(SessionedEurekaHttpClient.java:77)
	at com.netflix.discovery.shared.transport.decorator.EurekaHttpClientDecorator.sendHeartBeat(EurekaHttpClientDecorator.java:89)
	at com.netflix.discovery.DiscoveryClient.renew(DiscoveryClient.java:893)
	at com.netflix.discovery.DiscoveryClient$HeartbeatThread.run(DiscoveryClient.java:1461)
	at java.base/java.util.concurrent.Executors$RunnableAdapter.call(Executors.java:515)
	at java.base/java.util.concurrent.FutureTask.run(FutureTask.java:264)
	at java.base/java.util.concurrent.ThreadPoolExecutor.runWorker(ThreadPoolExecutor.java:1130)
	at java.base/java.util.concurrent.ThreadPoolExecutor$Worker.run(ThreadPoolExecutor.java:630)
	at java.base/java.lang.Thread.run(Thread.java:832)
Caused by: java.net.ConnectException: Connection refused: no further information
	at java.base/sun.nio.ch.Net.pollConnect(Native Method)
	at java.base/sun.nio.ch.Net.pollConnectNow(Net.java:660)
	at java.base/sun.nio.ch.NioSocketImpl.timedFinishConnect(NioSocketImpl.java:549)
	at java.base/sun.nio.ch.NioSocketImpl.connect(NioSocketImpl.java:597)
	at java.base/java.net.SocksSocketImpl.connect(SocksSocketImpl.java:333)
	at java.base/java.net.Socket.connect(Socket.java:648)
	at org.apache.http.conn.scheme.PlainSocketFactory.connectSocket(PlainSocketFactory.java:121)
	at org.apache.http.impl.conn.DefaultClientConnectionOperator.openConnection(DefaultClientConnectionOperator.java:180)
	at org.apache.http.impl.conn.AbstractPoolEntry.open(AbstractPoolEntry.java:144)
	at org.apache.http.impl.conn.AbstractPooledConnAdapter.open(AbstractPooledConnAdapter.java:134)
	at org.apache.http.impl.client.DefaultRequestDirector.tryConnect(DefaultRequestDirector.java:605)
	at org.apache.http.impl.client.DefaultRequestDirector.execute(DefaultRequestDirector.java:440)
	at org.apache.http.impl.client.AbstractHttpClient.doExecute(AbstractHttpClient.java:835)
	at org.apache.http.impl.client.CloseableHttpClient.execute(CloseableHttpClient.java:118)
	at org.apache.http.impl.client.CloseableHttpClient.execute(CloseableHttpClient.java:56)
	at com.sun.jersey.client.apache4.ApacheHttpClient4Handler.handle(ApacheHttpClient4Handler.java:173)
	... 26 more

""2021-01-07 17:16:59 [DiscoveryClient-HeartbeatExecutor-0]  WARN  c.n.d.s.t.d.RetryableEurekaHttpClient -Request execution failed with message: java.net.ConnectException: Connection refused: no further information
""2021-01-07 17:16:59 [DiscoveryClient-CacheRefreshExecutor-0]  INFO  c.n.d.s.t.d.RedirectingEurekaHttpClient -Request execution error. endpoint=DefaultEndpoint{ serviceUrl='http://localhost:8761/eureka/} exception=java.net.ConnectException: Connection refused: no further information stacktrace=com.sun.jersey.api.client.ClientHandlerException: java.net.ConnectException: Connection refused: no further information
	at com.sun.jersey.client.apache4.ApacheHttpClient4Handler.handle(ApacheHttpClient4Handler.java:187)
	at com.sun.jersey.api.client.filter.GZIPContentEncodingFilter.handle(GZIPContentEncodingFilter.java:123)
	at com.netflix.discovery.EurekaIdentityHeaderFilter.handle(EurekaIdentityHeaderFilter.java:27)
	at com.sun.jersey.api.client.Client.handle(Client.java:652)
	at com.sun.jersey.api.client.WebResource.handle(WebResource.java:682)
	at com.sun.jersey.api.client.WebResource.access$200(WebResource.java:74)
	at com.sun.jersey.api.client.WebResource$Builder.get(WebResource.java:509)
	at com.netflix.discovery.shared.transport.jersey.AbstractJerseyEurekaHttpClient.getApplicationsInternal(AbstractJerseyEurekaHttpClient.java:196)
	at com.netflix.discovery.shared.transport.jersey.AbstractJerseyEurekaHttpClient.getDelta(AbstractJerseyEurekaHttpClient.java:172)
	at com.netflix.discovery.shared.transport.decorator.EurekaHttpClientDecorator$7.execute(EurekaHttpClientDecorator.java:152)
	at com.netflix.discovery.shared.transport.decorator.MetricsCollectingEurekaHttpClient.execute(MetricsCollectingEurekaHttpClient.java:73)
	at com.netflix.discovery.shared.transport.decorator.EurekaHttpClientDecorator.getDelta(EurekaHttpClientDecorator.java:149)
	at com.netflix.discovery.shared.transport.decorator.EurekaHttpClientDecorator$7.execute(EurekaHttpClientDecorator.java:152)
	at com.netflix.discovery.shared.transport.decorator.RedirectingEurekaHttpClient.execute(RedirectingEurekaHttpClient.java:91)
	at com.netflix.discovery.shared.transport.decorator.EurekaHttpClientDecorator.getDelta(EurekaHttpClientDecorator.java:149)
	at com.netflix.discovery.shared.transport.decorator.EurekaHttpClientDecorator$7.execute(EurekaHttpClientDecorator.java:152)
	at com.netflix.discovery.shared.transport.decorator.RetryableEurekaHttpClient.execute(RetryableEurekaHttpClient.java:120)
	at com.netflix.discovery.shared.transport.decorator.EurekaHttpClientDecorator.getDelta(EurekaHttpClientDecorator.java:149)
	at com.netflix.discovery.shared.transport.decorator.EurekaHttpClientDecorator$7.execute(EurekaHttpClientDecorator.java:152)
	at com.netflix.discovery.shared.transport.decorator.SessionedEurekaHttpClient.execute(SessionedEurekaHttpClient.java:77)
	at com.netflix.discovery.shared.transport.decorator.EurekaHttpClientDecorator.getDelta(EurekaHttpClientDecorator.java:149)
	at com.netflix.discovery.DiscoveryClient.getAndUpdateDelta(DiscoveryClient.java:1135)
	at com.netflix.discovery.DiscoveryClient.fetchRegistry(DiscoveryClient.java:1016)
	at com.netflix.discovery.DiscoveryClient.refreshRegistry(DiscoveryClient.java:1535)
	at com.netflix.discovery.DiscoveryClient$CacheRefreshThread.run(DiscoveryClient.java:1502)
	at java.base/java.util.concurrent.Executors$RunnableAdapter.call(Executors.java:515)
	at java.base/java.util.concurrent.FutureTask.run(FutureTask.java:264)
	at java.base/java.util.concurrent.ThreadPoolExecutor.runWorker(ThreadPoolExecutor.java:1130)
	at java.base/java.util.concurrent.ThreadPoolExecutor$Worker.run(ThreadPoolExecutor.java:630)
	at java.base/java.lang.Thread.run(Thread.java:832)
Caused by: java.net.ConnectException: Connection refused: no further information
	at java.base/sun.nio.ch.Net.pollConnect(Native Method)
	at java.base/sun.nio.ch.Net.pollConnectNow(Net.java:660)
	at java.base/sun.nio.ch.NioSocketImpl.timedFinishConnect(NioSocketImpl.java:549)
	at java.base/sun.nio.ch.NioSocketImpl.connect(NioSocketImpl.java:597)
	at java.base/java.net.SocksSocketImpl.connect(SocksSocketImpl.java:333)
	at java.base/java.net.Socket.connect(Socket.java:648)
	at org.apache.http.conn.scheme.PlainSocketFactory.connectSocket(PlainSocketFactory.java:121)
	at org.apache.http.impl.conn.DefaultClientConnectionOperator.openConnection(DefaultClientConnectionOperator.java:180)
	at org.apache.http.impl.conn.AbstractPoolEntry.open(AbstractPoolEntry.java:144)
	at org.apache.http.impl.conn.AbstractPooledConnAdapter.open(AbstractPooledConnAdapter.java:134)
	at org.apache.http.impl.client.DefaultRequestDirector.tryConnect(DefaultRequestDirector.java:605)
	at org.apache.http.impl.client.DefaultRequestDirector.execute(DefaultRequestDirector.java:440)
	at org.apache.http.impl.client.AbstractHttpClient.doExecute(AbstractHttpClient.java:835)
	at org.apache.http.impl.client.CloseableHttpClient.execute(CloseableHttpClient.java:118)
	at org.apache.http.impl.client.CloseableHttpClient.execute(CloseableHttpClient.java:56)
	at com.sun.jersey.client.apache4.ApacheHttpClient4Handler.handle(ApacheHttpClient4Handler.java:173)
	... 29 more

""2021-01-07 17:16:59 [DiscoveryClient-CacheRefreshExecutor-0]  WARN  c.n.d.s.t.d.RetryableEurekaHttpClient -Request execution failed with message: java.net.ConnectException: Connection refused: no further information
""2021-01-07 17:17:00 [RMI TCP Connection(11)-127.0.0.1]  INFO  o.s.b.a.SpringApplicationAdminMXBeanRegistrar$SpringApplicationAdmin -Application shutdown requested.
""2021-01-07 17:17:00 [RMI TCP Connection(11)-127.0.0.1]  INFO  o.s.c.n.e.s.EurekaServiceRegistry -Unregistering application CC-CLOUDCONFIGSERVER with eureka with status DOWN
""2021-01-07 17:17:00 [RMI TCP Connection(11)-127.0.0.1]  ERROR c.netflix.discovery.DiscoveryClient -Saw local status change event StatusChangeEvent [timestamp=1610020020009, current=DOWN, previous=UP]
""2021-01-07 17:17:00 [DiscoveryClient-InstanceInfoReplicator-0]  INFO  c.netflix.discovery.DiscoveryClient -DiscoveryClient_CC-CLOUDCONFIGSERVER/ANNAPURNA:CC-CLOUDCONFIGSERVER:8081: registering service...
""2021-01-07 17:17:00 [RMI TCP Connection(11)-127.0.0.1]  INFO  o.a.catalina.core.StandardService -Stopping service [Tomcat]
""2021-01-07 17:17:00 [RMI TCP Connection(11)-127.0.0.1]  INFO  o.a.c.c.C.[Tomcat].[localhost].[/] -Destroying Spring FrameworkServlet 'dispatcherServlet'
""2021-01-07 17:17:00 [RMI TCP Connection(11)-127.0.0.1]  INFO  o.s.s.c.ThreadPoolTaskExecutor -Shutting down ExecutorService 'applicationTaskExecutor'
""2021-01-07 17:17:00 [RMI TCP Connection(11)-127.0.0.1]  INFO  c.netflix.discovery.DiscoveryClient -Shutting down DiscoveryClient ...
""2021-01-07 17:18:00 [main]  INFO  c.c.s.Task3CloudConfigServerGitHubApplication -The following profiles are active: dev
""2021-01-07 17:18:01 [main]  WARN  o.s.boot.actuate.endpoint.EndpointId -Endpoint ID 'service-registry' contains invalid characters, please migrate to a valid format.
""2021-01-07 17:18:01 [main]  INFO  o.s.cloud.context.scope.GenericScope -BeanFactory id=29776a4d-e25c-356d-bb3b-7b21b0493eec
""2021-01-07 17:18:01 [main]  INFO  o.s.b.w.e.tomcat.TomcatWebServer -Tomcat initialized with port(s): 8081 (http)
""2021-01-07 17:18:01 [main]  INFO  o.a.catalina.core.StandardService -Starting service [Tomcat]
""2021-01-07 17:18:01 [main]  INFO  o.a.catalina.core.StandardEngine -Starting Servlet engine: [Apache Tomcat/9.0.41]
""2021-01-07 17:18:02 [main]  INFO  o.a.c.c.C.[Tomcat].[localhost].[/] -Initializing Spring embedded WebApplicationContext
""2021-01-07 17:18:02 [main]  INFO  o.s.b.w.s.c.ServletWebServerApplicationContext -Root WebApplicationContext: initialization completed in 1737 ms
""2021-01-07 17:18:02 [main]  WARN  c.n.c.sources.URLConfigurationSource -No URLs will be polled as dynamic configuration sources.
""2021-01-07 17:18:02 [main]  INFO  c.n.c.sources.URLConfigurationSource -To enable URLs as dynamic configuration sources, define System property archaius.configurationSource.additionalUrls or make config.properties available on classpath.
""2021-01-07 17:18:02 [main]  INFO  c.n.config.DynamicPropertyFactory -DynamicPropertyFactory is initialized with configuration sources: com.netflix.config.ConcurrentCompositeConfiguration@6c07ad6b
""2021-01-07 17:18:02 [main]  WARN  c.n.c.sources.URLConfigurationSource -No URLs will be polled as dynamic configuration sources.
""2021-01-07 17:18:02 [main]  INFO  c.n.c.sources.URLConfigurationSource -To enable URLs as dynamic configuration sources, define System property archaius.configurationSource.additionalUrls or make config.properties available on classpath.
""2021-01-07 17:18:02 [main]  INFO  o.s.s.c.ThreadPoolTaskExecutor -Initializing ExecutorService 'applicationTaskExecutor'
""2021-01-07 17:18:03 [main]  INFO  o.s.c.n.e.c.DiscoveryClientOptionalArgsConfiguration -Eureka HTTP Client uses Jersey
""2021-01-07 17:18:03 [main]  WARN  o.s.c.l.c.BlockingLoadBalancerClientAutoConfiguration$BlockingLoadBalancerClientRibbonWarnLogger -You already have RibbonLoadBalancerClient on your classpath. It will be used by default. As Spring Cloud Ribbon is in maintenance mode. We recommend switching to BlockingLoadBalancerClient instead. In order to use it, set the value of `spring.cloud.loadbalancer.ribbon.enabled` to `false` or remove spring-cloud-starter-netflix-ribbon from your project.
""2021-01-07 17:18:03 [main]  INFO  o.s.b.a.e.web.EndpointLinksResolver -Exposing 2 endpoint(s) beneath base path '/actuator'
""2021-01-07 17:18:03 [main]  INFO  o.s.c.n.eureka.InstanceInfoFactory -Setting initial instance status as: STARTING
""2021-01-07 17:18:03 [main]  INFO  c.netflix.discovery.DiscoveryClient -Initializing Eureka in region us-east-1
""2021-01-07 17:18:04 [main]  INFO  c.n.d.p.DiscoveryJerseyProvider -Using JSON encoding codec LegacyJacksonJson
""2021-01-07 17:18:04 [main]  INFO  c.n.d.p.DiscoveryJerseyProvider -Using JSON decoding codec LegacyJacksonJson
""2021-01-07 17:18:04 [main]  INFO  c.n.d.p.DiscoveryJerseyProvider -Using XML encoding codec XStreamXml
""2021-01-07 17:18:04 [main]  INFO  c.n.d.p.DiscoveryJerseyProvider -Using XML decoding codec XStreamXml
""2021-01-07 17:18:04 [main]  INFO  c.n.d.s.r.aws.ConfigClusterResolver -Resolving eureka endpoints via configuration
""2021-01-07 17:18:04 [main]  INFO  c.netflix.discovery.DiscoveryClient -Disable delta property : false
""2021-01-07 17:18:04 [main]  INFO  c.netflix.discovery.DiscoveryClient -Single vip registry refresh property : null
""2021-01-07 17:18:04 [main]  INFO  c.netflix.discovery.DiscoveryClient -Force full registry fetch : false
""2021-01-07 17:18:04 [main]  INFO  c.netflix.discovery.DiscoveryClient -Application is null : false
""2021-01-07 17:18:04 [main]  INFO  c.netflix.discovery.DiscoveryClient -Registered Applications size is zero : true
""2021-01-07 17:18:04 [main]  INFO  c.netflix.discovery.DiscoveryClient -Application version is -1: true
""2021-01-07 17:18:04 [main]  INFO  c.netflix.discovery.DiscoveryClient -Getting all instance registry info from the eureka server
""2021-01-07 17:18:04 [main]  INFO  c.netflix.discovery.DiscoveryClient -The response status is 200
""2021-01-07 17:18:04 [main]  INFO  c.netflix.discovery.DiscoveryClient -Starting heartbeat executor: renew interval is: 30
""2021-01-07 17:18:04 [main]  INFO  c.n.discovery.InstanceInfoReplicator -InstanceInfoReplicator onDemand update allowed rate per min is 4
""2021-01-07 17:18:04 [main]  INFO  c.netflix.discovery.DiscoveryClient -Discovery Client initialized at timestamp 1610020084985 with initial instances count: 0
""2021-01-07 17:18:04 [main]  INFO  o.s.c.n.e.s.EurekaServiceRegistry -Registering application CC-CLOUDCONFIGSERVER with eureka with status UP
""2021-01-07 17:18:04 [main]  INFO  c.netflix.discovery.DiscoveryClient -Saw local status change event StatusChangeEvent [timestamp=1610020084989, current=UP, previous=STARTING]
""2021-01-07 17:18:04 [DiscoveryClient-InstanceInfoReplicator-0]  INFO  c.netflix.discovery.DiscoveryClient -DiscoveryClient_CC-CLOUDCONFIGSERVER/ANNAPURNA:CC-CLOUDCONFIGSERVER:8081: registering service...
""2021-01-07 17:18:05 [main]  INFO  o.s.b.w.e.tomcat.TomcatWebServer -Tomcat started on port(s): 8081 (http) with context path ''
""2021-01-07 17:18:05 [main]  INFO  o.s.c.n.e.s.EurekaAutoServiceRegistration -Updating port to 8081
""2021-01-07 17:18:05 [DiscoveryClient-InstanceInfoReplicator-0]  INFO  c.netflix.discovery.DiscoveryClient -DiscoveryClient_CC-CLOUDCONFIGSERVER/ANNAPURNA:CC-CLOUDCONFIGSERVER:8081 - registration status: 204
""2021-01-07 17:18:05 [main]  INFO  c.c.s.Task3CloudConfigServerGitHubApplication -Started Task3CloudConfigServerGitHubApplication in 6.148 seconds (JVM running for 7.276)
""2021-01-07 17:18:05 [main]  INFO  c.c.s.Task3CloudConfigServerGitHubApplication -*****Cloud Config Server Application Has Started******
""2021-01-07 17:18:34 [DiscoveryClient-CacheRefreshExecutor-0]  INFO  c.netflix.discovery.DiscoveryClient -Disable delta property : false
""2021-01-07 17:18:34 [DiscoveryClient-CacheRefreshExecutor-0]  INFO  c.netflix.discovery.DiscoveryClient -Single vip registry refresh property : null
""2021-01-07 17:18:34 [DiscoveryClient-CacheRefreshExecutor-0]  INFO  c.netflix.discovery.DiscoveryClient -Force full registry fetch : false
""2021-01-07 17:18:34 [DiscoveryClient-CacheRefreshExecutor-0]  INFO  c.netflix.discovery.DiscoveryClient -Application is null : false
""2021-01-07 17:18:34 [DiscoveryClient-CacheRefreshExecutor-0]  INFO  c.netflix.discovery.DiscoveryClient -Registered Applications size is zero : true
""2021-01-07 17:18:34 [DiscoveryClient-CacheRefreshExecutor-0]  INFO  c.netflix.discovery.DiscoveryClient -Application version is -1: false
""2021-01-07 17:18:34 [DiscoveryClient-CacheRefreshExecutor-0]  INFO  c.netflix.discovery.DiscoveryClient -Getting all instance registry info from the eureka server
""2021-01-07 17:18:35 [DiscoveryClient-CacheRefreshExecutor-0]  INFO  c.netflix.discovery.DiscoveryClient -The response status is 200
""2021-01-07 17:19:35 [RMI TCP Connection(5)-127.0.0.1]  INFO  o.a.c.c.C.[Tomcat].[localhost].[/] -Initializing Spring DispatcherServlet 'dispatcherServlet'
""2021-01-07 17:19:35 [RMI TCP Connection(5)-127.0.0.1]  INFO  o.s.web.servlet.DispatcherServlet -Initializing Servlet 'dispatcherServlet'
""2021-01-07 17:19:35 [RMI TCP Connection(5)-127.0.0.1]  INFO  o.s.web.servlet.DispatcherServlet -Completed initialization in 7 ms
""2021-01-07 17:23:04 [AsyncResolver-bootstrap-executor-0]  INFO  c.n.d.s.r.aws.ConfigClusterResolver -Resolving eureka endpoints via configuration
""2021-01-07 17:28:04 [AsyncResolver-bootstrap-executor-0]  INFO  c.n.d.s.r.aws.ConfigClusterResolver -Resolving eureka endpoints via configuration
""2021-01-07 17:33:04 [AsyncResolver-bootstrap-executor-0]  INFO  c.n.d.s.r.aws.ConfigClusterResolver -Resolving eureka endpoints via configuration
""2021-01-07 17:38:04 [AsyncResolver-bootstrap-executor-0]  INFO  c.n.d.s.r.aws.ConfigClusterResolver -Resolving eureka endpoints via configuration
""2021-01-07 17:43:04 [AsyncResolver-bootstrap-executor-0]  INFO  c.n.d.s.r.aws.ConfigClusterResolver -Resolving eureka endpoints via configuration
""2021-01-07 17:48:04 [AsyncResolver-bootstrap-executor-0]  INFO  c.n.d.s.r.aws.ConfigClusterResolver -Resolving eureka endpoints via configuration
""2021-01-07 17:53:04 [AsyncResolver-bootstrap-executor-0]  INFO  c.n.d.s.r.aws.ConfigClusterResolver -Resolving eureka endpoints via configuration
""2021-01-07 17:53:36 [RMI TCP Connection(42)-127.0.0.1]  INFO  o.s.b.a.SpringApplicationAdminMXBeanRegistrar$SpringApplicationAdmin -Application shutdown requested.
""2021-01-07 17:53:36 [RMI TCP Connection(42)-127.0.0.1]  INFO  o.s.c.n.e.s.EurekaServiceRegistry -Unregistering application CC-CLOUDCONFIGSERVER with eureka with status DOWN
""2021-01-07 17:53:36 [RMI TCP Connection(42)-127.0.0.1]  ERROR c.netflix.discovery.DiscoveryClient -Saw local status change event StatusChangeEvent [timestamp=1610022216092, current=DOWN, previous=UP]
""2021-01-07 17:53:36 [DiscoveryClient-InstanceInfoReplicator-0]  INFO  c.netflix.discovery.DiscoveryClient -DiscoveryClient_CC-CLOUDCONFIGSERVER/ANNAPURNA:CC-CLOUDCONFIGSERVER:8081: registering service...
""2021-01-07 17:53:36 [RMI TCP Connection(42)-127.0.0.1]  INFO  o.a.catalina.core.StandardService -Stopping service [Tomcat]
""2021-01-07 17:53:36 [RMI TCP Connection(42)-127.0.0.1]  INFO  o.a.c.c.C.[Tomcat].[localhost].[/] -Destroying Spring FrameworkServlet 'dispatcherServlet'
""2021-01-07 17:53:36 [RMI TCP Connection(42)-127.0.0.1]  INFO  o.s.s.c.ThreadPoolTaskExecutor -Shutting down ExecutorService 'applicationTaskExecutor'
""2021-01-07 17:53:36 [RMI TCP Connection(42)-127.0.0.1]  INFO  c.netflix.discovery.DiscoveryClient -Shutting down DiscoveryClient ...
"